Determining if the include file byteswap.h exists failed with the following output:
Change Dir: /Users/bhavesh/Desktop/LinphoneV4/linphone-iphone/WORK/ios-armv7/Build/srtp/CMakeFiles/CMakeTmp

Run Build Command:"/usr/bin/make" "cmTC_fefc0/fast"
/Applications/Xcode.app/Contents/Developer/usr/bin/make -f CMakeFiles/cmTC_fefc0.dir/build.make CMakeFiles/cmTC_fefc0.dir/build
Building C object CMakeFiles/cmTC_fefc0.dir/CheckIncludeFile.c.o
/Applications/Xcode.app/Contents/Developer/Toolchains/XcodeDefault.xctoolchain/usr/bin/clang --target=armv7-apple-darwin   -arch armv7 -isysroot /Applications/Xcode.app/Contents/Developer/Platforms/iPhoneOS.platform/Developer/SDKs/iPhoneOS11.3.sdk   -o CMakeFiles/cmTC_fefc0.dir/CheckIncludeFile.c.o   -c /Users/bhavesh/Desktop/LinphoneV4/linphone-iphone/WORK/ios-armv7/Build/srtp/CMakeFiles/CMakeTmp/CheckIncludeFile.c
/Users/bhavesh/Desktop/LinphoneV4/linphone-iphone/WORK/ios-armv7/Build/srtp/CMakeFiles/CMakeTmp/CheckIncludeFile.c:1:10: fatal error: 'byteswap.h' file not found
#include <byteswap.h>
         ^~~~~~~~~~~~
1 error generated.
make[5]: *** [CMakeFiles/cmTC_fefc0.dir/CheckIncludeFile.c.o] Error 1
make[4]: *** [cmTC_fefc0/fast] Error 2


Determining if the include file sys/int_types.h exists failed with the following output:
Change Dir: /Users/bhavesh/Desktop/LinphoneV4/linphone-iphone/WORK/ios-armv7/Build/srtp/CMakeFiles/CMakeTmp

Run Build Command:"/usr/bin/make" "cmTC_6346b/fast"
/Applications/Xcode.app/Contents/Developer/usr/bin/make -f CMakeFiles/cmTC_6346b.dir/build.make CMakeFiles/cmTC_6346b.dir/build
Building C object CMakeFiles/cmTC_6346b.dir/CheckIncludeFile.c.o
/Applications/Xcode.app/Contents/Developer/Toolchains/XcodeDefault.xctoolchain/usr/bin/clang --target=armv7-apple-darwin   -arch armv7 -isysroot /Applications/Xcode.app/Contents/Developer/Platforms/iPhoneOS.platform/Developer/SDKs/iPhoneOS11.3.sdk   -o CMakeFiles/cmTC_6346b.dir/CheckIncludeFile.c.o   -c /Users/bhavesh/Desktop/LinphoneV4/linphone-iphone/WORK/ios-armv7/Build/srtp/CMakeFiles/CMakeTmp/CheckIncludeFile.c
/Users/bhavesh/Desktop/LinphoneV4/linphone-iphone/WORK/ios-armv7/Build/srtp/CMakeFiles/CMakeTmp/CheckIncludeFile.c:1:10: fatal error: 'sys/int_types.h' file not found
#include <sys/int_types.h>
         ^~~~~~~~~~~~~~~~~
1 error generated.
make[5]: *** [CMakeFiles/cmTC_6346b.dir/CheckIncludeFile.c.o] Error 1
make[4]: *** [cmTC_6346b/fast] Error 2


Determining if the include file windows.h exists failed with the following output:
Change Dir: /Users/bhavesh/Desktop/LinphoneV4/linphone-iphone/WORK/ios-armv7/Build/srtp/CMakeFiles/CMakeTmp

Run Build Command:"/usr/bin/make" "cmTC_ab2d1/fast"
/Applications/Xcode.app/Contents/Developer/usr/bin/make -f CMakeFiles/cmTC_ab2d1.dir/build.make CMakeFiles/cmTC_ab2d1.dir/build
Building C object CMakeFiles/cmTC_ab2d1.dir/CheckIncludeFile.c.o
/Applications/Xcode.app/Contents/Developer/Toolchains/XcodeDefault.xctoolchain/usr/bin/clang --target=armv7-apple-darwin   -arch armv7 -isysroot /Applications/Xcode.app/Contents/Developer/Platforms/iPhoneOS.platform/Developer/SDKs/iPhoneOS11.3.sdk   -o CMakeFiles/cmTC_ab2d1.dir/CheckIncludeFile.c.o   -c /Users/bhavesh/Desktop/LinphoneV4/linphone-iphone/WORK/ios-armv7/Build/srtp/CMakeFiles/CMakeTmp/CheckIncludeFile.c
/Users/bhavesh/Desktop/LinphoneV4/linphone-iphone/WORK/ios-armv7/Build/srtp/CMakeFiles/CMakeTmp/CheckIncludeFile.c:1:10: fatal error: 'windows.h' file not found
#include <windows.h>
         ^~~~~~~~~~~
1 error generated.
make[5]: *** [CMakeFiles/cmTC_ab2d1.dir/CheckIncludeFile.c.o] Error 1
make[4]: *** [cmTC_ab2d1/fast] Error 2


