The target system is: Darwin - 11.3 - aarch64
The host system is: Darwin - 17.5.0 - x86_64
Compiling the C compiler identification source file "CMakeCCompilerId.c" succeeded.
Compiler: /Applications/Xcode.app/Contents/Developer/Toolchains/XcodeDefault.xctoolchain/usr/bin/clang 
Build flags: 
Id flags:  

The output was:
0


Compilation of the C compiler identification source "CMakeCCompilerId.c" produced "a.out"

The C compiler identification is AppleClang, found in "/Users/bhavesh/Desktop/LinphoneV4/linphone-iphone/WORK/ios-arm64/Build/speex/CMakeFiles/3.11.0/CompilerIdC/a.out"

Determining if the C compiler works passed with the following output:
Change Dir: /Users/bhavesh/Desktop/LinphoneV4/linphone-iphone/WORK/ios-arm64/Build/speex/CMakeFiles/CMakeTmp

Run Build Command:"/usr/bin/make" "cmTC_7cd02/fast"
/Applications/Xcode.app/Contents/Developer/usr/bin/make -f CMakeFiles/cmTC_7cd02.dir/build.make CMakeFiles/cmTC_7cd02.dir/build
Building C object CMakeFiles/cmTC_7cd02.dir/testCCompiler.c.o
/Applications/Xcode.app/Contents/Developer/Toolchains/XcodeDefault.xctoolchain/usr/bin/clang --target=arm64-apple-darwin   -arch arm64 -isysroot /Applications/Xcode.app/Contents/Developer/Platforms/iPhoneOS.platform/Developer/SDKs/iPhoneOS11.3.sdk   -o CMakeFiles/cmTC_7cd02.dir/testCCompiler.c.o   -c /Users/bhavesh/Desktop/LinphoneV4/linphone-iphone/WORK/ios-arm64/Build/speex/CMakeFiles/CMakeTmp/testCCompiler.c
Linking C executable cmTC_7cd02
/usr/local/Cellar/cmake/3.11.0/bin/cmake -E cmake_link_script CMakeFiles/cmTC_7cd02.dir/link.txt --verbose=1
/Applications/Xcode.app/Contents/Developer/Toolchains/XcodeDefault.xctoolchain/usr/bin/clang --target=arm64-apple-darwin   -arch arm64 -isysroot /Applications/Xcode.app/Contents/Developer/Platforms/iPhoneOS.platform/Developer/SDKs/iPhoneOS11.3.sdk -Wl,-search_paths_first -Wl,-headerpad_max_install_names   CMakeFiles/cmTC_7cd02.dir/testCCompiler.c.o  -o cmTC_7cd02 


Detecting C compiler ABI info compiled with the following output:
Change Dir: /Users/bhavesh/Desktop/LinphoneV4/linphone-iphone/WORK/ios-arm64/Build/speex/CMakeFiles/CMakeTmp

Run Build Command:"/usr/bin/make" "cmTC_0743f/fast"
/Applications/Xcode.app/Contents/Developer/usr/bin/make -f CMakeFiles/cmTC_0743f.dir/build.make CMakeFiles/cmTC_0743f.dir/build
Building C object CMakeFiles/cmTC_0743f.dir/CMakeCCompilerABI.c.o
/Applications/Xcode.app/Contents/Developer/Toolchains/XcodeDefault.xctoolchain/usr/bin/clang --target=arm64-apple-darwin   -arch arm64 -isysroot /Applications/Xcode.app/Contents/Developer/Platforms/iPhoneOS.platform/Developer/SDKs/iPhoneOS11.3.sdk   -o CMakeFiles/cmTC_0743f.dir/CMakeCCompilerABI.c.o   -c /usr/local/Cellar/cmake/3.11.0/share/cmake/Modules/CMakeCCompilerABI.c
Linking C executable cmTC_0743f
/usr/local/Cellar/cmake/3.11.0/bin/cmake -E cmake_link_script CMakeFiles/cmTC_0743f.dir/link.txt --verbose=1
/Applications/Xcode.app/Contents/Developer/Toolchains/XcodeDefault.xctoolchain/usr/bin/clang --target=arm64-apple-darwin   -arch arm64 -isysroot /Applications/Xcode.app/Contents/Developer/Platforms/iPhoneOS.platform/Developer/SDKs/iPhoneOS11.3.sdk -Wl,-search_paths_first -Wl,-headerpad_max_install_names  -v -Wl,-v CMakeFiles/cmTC_0743f.dir/CMakeCCompilerABI.c.o  -o cmTC_0743f 
Apple LLVM version 9.1.0 (clang-902.0.39.1)
Target: aarch64-apple-darwin
Thread model: posix
InstalledDir: /Applications/Xcode.app/Contents/Developer/Toolchains/XcodeDefault.xctoolchain/usr/bin
 "/Applications/Xcode.app/Contents/Developer/Toolchains/XcodeDefault.xctoolchain/usr/bin/ld" -demangle -lto_library /Applications/Xcode.app/Contents/Developer/Toolchains/XcodeDefault.xctoolchain/usr/lib/libLTO.dylib -dynamic -arch arm64 -iphoneos_version_min 11.3.0 -syslibroot /Applications/Xcode.app/Contents/Developer/Platforms/iPhoneOS.platform/Developer/SDKs/iPhoneOS11.3.sdk -o cmTC_0743f -search_paths_first -headerpad_max_install_names -v CMakeFiles/cmTC_0743f.dir/CMakeCCompilerABI.c.o -lSystem /Applications/Xcode.app/Contents/Developer/Toolchains/XcodeDefault.xctoolchain/usr/lib/clang/9.1.0/lib/darwin/libclang_rt.ios.a
@(#)PROGRAM:ld  PROJECT:ld64-351.8
configured to support archs: armv6 armv7 armv7s arm64 i386 x86_64 x86_64h armv6m armv7k armv7m armv7em (tvOS)
Library search paths:
	/Applications/Xcode.app/Contents/Developer/Platforms/iPhoneOS.platform/Developer/SDKs/iPhoneOS11.3.sdk/usr/lib
Framework search paths:
	/Applications/Xcode.app/Contents/Developer/Platforms/iPhoneOS.platform/Developer/SDKs/iPhoneOS11.3.sdk/System/Library/Frameworks/


Parsed C implicit link information from above output:
  link line regex: [^( *|.*[/\])(ld|CMAKE_LINK_STARTFILE-NOTFOUND|([^/\]+-)?ld|collect2)[^/\]*( |$)]
  ignore line: [Change Dir: /Users/bhavesh/Desktop/LinphoneV4/linphone-iphone/WORK/ios-arm64/Build/speex/CMakeFiles/CMakeTmp]
  ignore line: []
  ignore line: [Run Build Command:"/usr/bin/make" "cmTC_0743f/fast"]
  ignore line: [/Applications/Xcode.app/Contents/Developer/usr/bin/make -f CMakeFiles/cmTC_0743f.dir/build.make CMakeFiles/cmTC_0743f.dir/build]
  ignore line: [Building C object CMakeFiles/cmTC_0743f.dir/CMakeCCompilerABI.c.o]
  ignore line: [/Applications/Xcode.app/Contents/Developer/Toolchains/XcodeDefault.xctoolchain/usr/bin/clang --target=arm64-apple-darwin   -arch arm64 -isysroot /Applications/Xcode.app/Contents/Developer/Platforms/iPhoneOS.platform/Developer/SDKs/iPhoneOS11.3.sdk   -o CMakeFiles/cmTC_0743f.dir/CMakeCCompilerABI.c.o   -c /usr/local/Cellar/cmake/3.11.0/share/cmake/Modules/CMakeCCompilerABI.c]
  ignore line: [Linking C executable cmTC_0743f]
  ignore line: [/usr/local/Cellar/cmake/3.11.0/bin/cmake -E cmake_link_script CMakeFiles/cmTC_0743f.dir/link.txt --verbose=1]
  ignore line: [/Applications/Xcode.app/Contents/Developer/Toolchains/XcodeDefault.xctoolchain/usr/bin/clang --target=arm64-apple-darwin   -arch arm64 -isysroot /Applications/Xcode.app/Contents/Developer/Platforms/iPhoneOS.platform/Developer/SDKs/iPhoneOS11.3.sdk -Wl,-search_paths_first -Wl,-headerpad_max_install_names  -v -Wl,-v CMakeFiles/cmTC_0743f.dir/CMakeCCompilerABI.c.o  -o cmTC_0743f ]
  ignore line: [Apple LLVM version 9.1.0 (clang-902.0.39.1)]
  ignore line: [Target: aarch64-apple-darwin]
  ignore line: [Thread model: posix]
  ignore line: [InstalledDir: /Applications/Xcode.app/Contents/Developer/Toolchains/XcodeDefault.xctoolchain/usr/bin]
  link line: [ "/Applications/Xcode.app/Contents/Developer/Toolchains/XcodeDefault.xctoolchain/usr/bin/ld" -demangle -lto_library /Applications/Xcode.app/Contents/Developer/Toolchains/XcodeDefault.xctoolchain/usr/lib/libLTO.dylib -dynamic -arch arm64 -iphoneos_version_min 11.3.0 -syslibroot /Applications/Xcode.app/Contents/Developer/Platforms/iPhoneOS.platform/Developer/SDKs/iPhoneOS11.3.sdk -o cmTC_0743f -search_paths_first -headerpad_max_install_names -v CMakeFiles/cmTC_0743f.dir/CMakeCCompilerABI.c.o -lSystem /Applications/Xcode.app/Contents/Developer/Toolchains/XcodeDefault.xctoolchain/usr/lib/clang/9.1.0/lib/darwin/libclang_rt.ios.a]
    arg [/Applications/Xcode.app/Contents/Developer/Toolchains/XcodeDefault.xctoolchain/usr/bin/ld] ==> ignore
    arg [-demangle] ==> ignore
    arg [-lto_library] ==> ignore, skip following value
    arg [/Applications/Xcode.app/Contents/Developer/Toolchains/XcodeDefault.xctoolchain/usr/lib/libLTO.dylib] ==> skip value of -lto_library
    arg [-dynamic] ==> ignore
    arg [-arch] ==> ignore
    arg [arm64] ==> ignore
    arg [-iphoneos_version_min] ==> ignore
    arg [11.3.0] ==> ignore
    arg [-syslibroot] ==> ignore
    arg [/Applications/Xcode.app/Contents/Developer/Platforms/iPhoneOS.platform/Developer/SDKs/iPhoneOS11.3.sdk] ==> ignore
    arg [-o] ==> ignore
    arg [cmTC_0743f] ==> ignore
    arg [-search_paths_first] ==> ignore
    arg [-headerpad_max_install_names] ==> ignore
    arg [-v] ==> ignore
    arg [CMakeFiles/cmTC_0743f.dir/CMakeCCompilerABI.c.o] ==> ignore
    arg [-lSystem] ==> lib [System]
    arg [/Applications/Xcode.app/Contents/Developer/Toolchains/XcodeDefault.xctoolchain/usr/lib/clang/9.1.0/lib/darwin/libclang_rt.ios.a] ==> lib [/Applications/Xcode.app/Contents/Developer/Toolchains/XcodeDefault.xctoolchain/usr/lib/clang/9.1.0/lib/darwin/libclang_rt.ios.a]
  Library search paths: [;/Applications/Xcode.app/Contents/Developer/Platforms/iPhoneOS.platform/Developer/SDKs/iPhoneOS11.3.sdk/usr/lib]
  Framework search paths: [;/Applications/Xcode.app/Contents/Developer/Platforms/iPhoneOS.platform/Developer/SDKs/iPhoneOS11.3.sdk/System/Library/Frameworks/]
  remove lib [System]
  remove lib [/Applications/Xcode.app/Contents/Developer/Toolchains/XcodeDefault.xctoolchain/usr/lib/clang/9.1.0/lib/darwin/libclang_rt.ios.a]
  collapse library dir [/Applications/Xcode.app/Contents/Developer/Platforms/iPhoneOS.platform/Developer/SDKs/iPhoneOS11.3.sdk/usr/lib] ==> [/Applications/Xcode.app/Contents/Developer/Platforms/iPhoneOS.platform/Developer/SDKs/iPhoneOS11.3.sdk/usr/lib]
  collapse framework dir [/Applications/Xcode.app/Contents/Developer/Platforms/iPhoneOS.platform/Developer/SDKs/iPhoneOS11.3.sdk/System/Library/Frameworks/] ==> [/Applications/Xcode.app/Contents/Developer/Platforms/iPhoneOS.platform/Developer/SDKs/iPhoneOS11.3.sdk/System/Library/Frameworks]
  implicit libs: []
  implicit dirs: [/Applications/Xcode.app/Contents/Developer/Platforms/iPhoneOS.platform/Developer/SDKs/iPhoneOS11.3.sdk/usr/lib]
  implicit fwks: [/Applications/Xcode.app/Contents/Developer/Platforms/iPhoneOS.platform/Developer/SDKs/iPhoneOS11.3.sdk/System/Library/Frameworks]




Detecting C [-std=c11] compiler features compiled with the following output:
Change Dir: /Users/bhavesh/Desktop/LinphoneV4/linphone-iphone/WORK/ios-arm64/Build/speex/CMakeFiles/CMakeTmp

Run Build Command:"/usr/bin/make" "cmTC_a1e1c/fast"
/Applications/Xcode.app/Contents/Developer/usr/bin/make -f CMakeFiles/cmTC_a1e1c.dir/build.make CMakeFiles/cmTC_a1e1c.dir/build
Building C object CMakeFiles/cmTC_a1e1c.dir/feature_tests.c.o
/Applications/Xcode.app/Contents/Developer/Toolchains/XcodeDefault.xctoolchain/usr/bin/clang --target=arm64-apple-darwin   -arch arm64 -isysroot /Applications/Xcode.app/Contents/Developer/Platforms/iPhoneOS.platform/Developer/SDKs/iPhoneOS11.3.sdk   -std=c11 -o CMakeFiles/cmTC_a1e1c.dir/feature_tests.c.o   -c /Users/bhavesh/Desktop/LinphoneV4/linphone-iphone/WORK/ios-arm64/Build/speex/CMakeFiles/feature_tests.c
Linking C executable cmTC_a1e1c
/usr/local/Cellar/cmake/3.11.0/bin/cmake -E cmake_link_script CMakeFiles/cmTC_a1e1c.dir/link.txt --verbose=1
/Applications/Xcode.app/Contents/Developer/Toolchains/XcodeDefault.xctoolchain/usr/bin/clang --target=arm64-apple-darwin   -arch arm64 -isysroot /Applications/Xcode.app/Contents/Developer/Platforms/iPhoneOS.platform/Developer/SDKs/iPhoneOS11.3.sdk -Wl,-search_paths_first -Wl,-headerpad_max_install_names   CMakeFiles/cmTC_a1e1c.dir/feature_tests.c.o  -o cmTC_a1e1c 


    Feature record: C_FEATURE:1c_function_prototypes
    Feature record: C_FEATURE:1c_restrict
    Feature record: C_FEATURE:1c_static_assert
    Feature record: C_FEATURE:1c_variadic_macros


Detecting C [-std=c99] compiler features compiled with the following output:
Change Dir: /Users/bhavesh/Desktop/LinphoneV4/linphone-iphone/WORK/ios-arm64/Build/speex/CMakeFiles/CMakeTmp

Run Build Command:"/usr/bin/make" "cmTC_fb0f7/fast"
/Applications/Xcode.app/Contents/Developer/usr/bin/make -f CMakeFiles/cmTC_fb0f7.dir/build.make CMakeFiles/cmTC_fb0f7.dir/build
Building C object CMakeFiles/cmTC_fb0f7.dir/feature_tests.c.o
/Applications/Xcode.app/Contents/Developer/Toolchains/XcodeDefault.xctoolchain/usr/bin/clang --target=arm64-apple-darwin   -arch arm64 -isysroot /Applications/Xcode.app/Contents/Developer/Platforms/iPhoneOS.platform/Developer/SDKs/iPhoneOS11.3.sdk   -std=c99 -o CMakeFiles/cmTC_fb0f7.dir/feature_tests.c.o   -c /Users/bhavesh/Desktop/LinphoneV4/linphone-iphone/WORK/ios-arm64/Build/speex/CMakeFiles/feature_tests.c
Linking C executable cmTC_fb0f7
/usr/local/Cellar/cmake/3.11.0/bin/cmake -E cmake_link_script CMakeFiles/cmTC_fb0f7.dir/link.txt --verbose=1
/Applications/Xcode.app/Contents/Developer/Toolchains/XcodeDefault.xctoolchain/usr/bin/clang --target=arm64-apple-darwin   -arch arm64 -isysroot /Applications/Xcode.app/Contents/Developer/Platforms/iPhoneOS.platform/Developer/SDKs/iPhoneOS11.3.sdk -Wl,-search_paths_first -Wl,-headerpad_max_install_names   CMakeFiles/cmTC_fb0f7.dir/feature_tests.c.o  -o cmTC_fb0f7 


    Feature record: C_FEATURE:1c_function_prototypes
    Feature record: C_FEATURE:1c_restrict
    Feature record: C_FEATURE:0c_static_assert
    Feature record: C_FEATURE:1c_variadic_macros


Detecting C [-std=c90] compiler features compiled with the following output:
Change Dir: /Users/bhavesh/Desktop/LinphoneV4/linphone-iphone/WORK/ios-arm64/Build/speex/CMakeFiles/CMakeTmp

Run Build Command:"/usr/bin/make" "cmTC_889b8/fast"
/Applications/Xcode.app/Contents/Developer/usr/bin/make -f CMakeFiles/cmTC_889b8.dir/build.make CMakeFiles/cmTC_889b8.dir/build
Building C object CMakeFiles/cmTC_889b8.dir/feature_tests.c.o
/Applications/Xcode.app/Contents/Developer/Toolchains/XcodeDefault.xctoolchain/usr/bin/clang --target=arm64-apple-darwin   -arch arm64 -isysroot /Applications/Xcode.app/Contents/Developer/Platforms/iPhoneOS.platform/Developer/SDKs/iPhoneOS11.3.sdk   -std=c90 -o CMakeFiles/cmTC_889b8.dir/feature_tests.c.o   -c /Users/bhavesh/Desktop/LinphoneV4/linphone-iphone/WORK/ios-arm64/Build/speex/CMakeFiles/feature_tests.c
Linking C executable cmTC_889b8
/usr/local/Cellar/cmake/3.11.0/bin/cmake -E cmake_link_script CMakeFiles/cmTC_889b8.dir/link.txt --verbose=1
/Applications/Xcode.app/Contents/Developer/Toolchains/XcodeDefault.xctoolchain/usr/bin/clang --target=arm64-apple-darwin   -arch arm64 -isysroot /Applications/Xcode.app/Contents/Developer/Platforms/iPhoneOS.platform/Developer/SDKs/iPhoneOS11.3.sdk -Wl,-search_paths_first -Wl,-headerpad_max_install_names   CMakeFiles/cmTC_889b8.dir/feature_tests.c.o  -o cmTC_889b8 


    Feature record: C_FEATURE:1c_function_prototypes
    Feature record: C_FEATURE:0c_restrict
    Feature record: C_FEATURE:0c_static_assert
    Feature record: C_FEATURE:0c_variadic_macros
Determining if the include file alloca.h exists passed with the following output:
Change Dir: /Users/bhavesh/Desktop/LinphoneV4/linphone-iphone/WORK/ios-arm64/Build/speex/CMakeFiles/CMakeTmp

Run Build Command:"/usr/bin/make" "cmTC_69dc2/fast"
/Applications/Xcode.app/Contents/Developer/usr/bin/make -f CMakeFiles/cmTC_69dc2.dir/build.make CMakeFiles/cmTC_69dc2.dir/build
Building C object CMakeFiles/cmTC_69dc2.dir/CheckIncludeFile.c.o
/Applications/Xcode.app/Contents/Developer/Toolchains/XcodeDefault.xctoolchain/usr/bin/clang --target=arm64-apple-darwin   -arch arm64 -isysroot /Applications/Xcode.app/Contents/Developer/Platforms/iPhoneOS.platform/Developer/SDKs/iPhoneOS11.3.sdk   -o CMakeFiles/cmTC_69dc2.dir/CheckIncludeFile.c.o   -c /Users/bhavesh/Desktop/LinphoneV4/linphone-iphone/WORK/ios-arm64/Build/speex/CMakeFiles/CMakeTmp/CheckIncludeFile.c
Linking C executable cmTC_69dc2
/usr/local/Cellar/cmake/3.11.0/bin/cmake -E cmake_link_script CMakeFiles/cmTC_69dc2.dir/link.txt --verbose=1
/Applications/Xcode.app/Contents/Developer/Toolchains/XcodeDefault.xctoolchain/usr/bin/clang --target=arm64-apple-darwin   -arch arm64 -isysroot /Applications/Xcode.app/Contents/Developer/Platforms/iPhoneOS.platform/Developer/SDKs/iPhoneOS11.3.sdk -Wl,-search_paths_first -Wl,-headerpad_max_install_names   CMakeFiles/cmTC_69dc2.dir/CheckIncludeFile.c.o  -o cmTC_69dc2 


Determining if the include file getopt.h exists passed with the following output:
Change Dir: /Users/bhavesh/Desktop/LinphoneV4/linphone-iphone/WORK/ios-arm64/Build/speex/CMakeFiles/CMakeTmp

Run Build Command:"/usr/bin/make" "cmTC_33b17/fast"
/Applications/Xcode.app/Contents/Developer/usr/bin/make -f CMakeFiles/cmTC_33b17.dir/build.make CMakeFiles/cmTC_33b17.dir/build
Building C object CMakeFiles/cmTC_33b17.dir/CheckIncludeFile.c.o
/Applications/Xcode.app/Contents/Developer/Toolchains/XcodeDefault.xctoolchain/usr/bin/clang --target=arm64-apple-darwin   -arch arm64 -isysroot /Applications/Xcode.app/Contents/Developer/Platforms/iPhoneOS.platform/Developer/SDKs/iPhoneOS11.3.sdk   -o CMakeFiles/cmTC_33b17.dir/CheckIncludeFile.c.o   -c /Users/bhavesh/Desktop/LinphoneV4/linphone-iphone/WORK/ios-arm64/Build/speex/CMakeFiles/CMakeTmp/CheckIncludeFile.c
Linking C executable cmTC_33b17
/usr/local/Cellar/cmake/3.11.0/bin/cmake -E cmake_link_script CMakeFiles/cmTC_33b17.dir/link.txt --verbose=1
/Applications/Xcode.app/Contents/Developer/Toolchains/XcodeDefault.xctoolchain/usr/bin/clang --target=arm64-apple-darwin   -arch arm64 -isysroot /Applications/Xcode.app/Contents/Developer/Platforms/iPhoneOS.platform/Developer/SDKs/iPhoneOS11.3.sdk -Wl,-search_paths_first -Wl,-headerpad_max_install_names   CMakeFiles/cmTC_33b17.dir/CheckIncludeFile.c.o  -o cmTC_33b17 


Determining if the include file string.h exists passed with the following output:
Change Dir: /Users/bhavesh/Desktop/LinphoneV4/linphone-iphone/WORK/ios-arm64/Build/speex/CMakeFiles/CMakeTmp

Run Build Command:"/usr/bin/make" "cmTC_20f8d/fast"
/Applications/Xcode.app/Contents/Developer/usr/bin/make -f CMakeFiles/cmTC_20f8d.dir/build.make CMakeFiles/cmTC_20f8d.dir/build
Building C object CMakeFiles/cmTC_20f8d.dir/CheckIncludeFile.c.o
/Applications/Xcode.app/Contents/Developer/Toolchains/XcodeDefault.xctoolchain/usr/bin/clang --target=arm64-apple-darwin   -arch arm64 -isysroot /Applications/Xcode.app/Contents/Developer/Platforms/iPhoneOS.platform/Developer/SDKs/iPhoneOS11.3.sdk   -o CMakeFiles/cmTC_20f8d.dir/CheckIncludeFile.c.o   -c /Users/bhavesh/Desktop/LinphoneV4/linphone-iphone/WORK/ios-arm64/Build/speex/CMakeFiles/CMakeTmp/CheckIncludeFile.c
Linking C executable cmTC_20f8d
/usr/local/Cellar/cmake/3.11.0/bin/cmake -E cmake_link_script CMakeFiles/cmTC_20f8d.dir/link.txt --verbose=1
/Applications/Xcode.app/Contents/Developer/Toolchains/XcodeDefault.xctoolchain/usr/bin/clang --target=arm64-apple-darwin   -arch arm64 -isysroot /Applications/Xcode.app/Contents/Developer/Platforms/iPhoneOS.platform/Developer/SDKs/iPhoneOS11.3.sdk -Wl,-search_paths_first -Wl,-headerpad_max_install_names   CMakeFiles/cmTC_20f8d.dir/CheckIncludeFile.c.o  -o cmTC_20f8d 


Determining if the function getopt_long exists passed with the following output:
Change Dir: /Users/bhavesh/Desktop/LinphoneV4/linphone-iphone/WORK/ios-arm64/Build/speex/CMakeFiles/CMakeTmp

Run Build Command:"/usr/bin/make" "cmTC_0a2bf/fast"
/Applications/Xcode.app/Contents/Developer/usr/bin/make -f CMakeFiles/cmTC_0a2bf.dir/build.make CMakeFiles/cmTC_0a2bf.dir/build
Building C object CMakeFiles/cmTC_0a2bf.dir/CheckFunctionExists.c.o
/Applications/Xcode.app/Contents/Developer/Toolchains/XcodeDefault.xctoolchain/usr/bin/clang --target=arm64-apple-darwin   -DCHECK_FUNCTION_EXISTS=getopt_long -arch arm64 -isysroot /Applications/Xcode.app/Contents/Developer/Platforms/iPhoneOS.platform/Developer/SDKs/iPhoneOS11.3.sdk   -o CMakeFiles/cmTC_0a2bf.dir/CheckFunctionExists.c.o   -c /usr/local/Cellar/cmake/3.11.0/share/cmake/Modules/CheckFunctionExists.c
Linking C executable cmTC_0a2bf
/usr/local/Cellar/cmake/3.11.0/bin/cmake -E cmake_link_script CMakeFiles/cmTC_0a2bf.dir/link.txt --verbose=1
/Applications/Xcode.app/Contents/Developer/Toolchains/XcodeDefault.xctoolchain/usr/bin/clang --target=arm64-apple-darwin  -DCHECK_FUNCTION_EXISTS=getopt_long -arch arm64 -isysroot /Applications/Xcode.app/Contents/Developer/Platforms/iPhoneOS.platform/Developer/SDKs/iPhoneOS11.3.sdk -Wl,-search_paths_first -Wl,-headerpad_max_install_names   CMakeFiles/cmTC_0a2bf.dir/CheckFunctionExists.c.o  -o cmTC_0a2bf 


Performing C SOURCE FILE Test VAR_ARRAYS succeeded with the following output:
Change Dir: /Users/bhavesh/Desktop/LinphoneV4/linphone-iphone/WORK/ios-arm64/Build/speex/CMakeFiles/CMakeTmp

Run Build Command:"/usr/bin/make" "cmTC_1671f/fast"
/Applications/Xcode.app/Contents/Developer/usr/bin/make -f CMakeFiles/cmTC_1671f.dir/build.make CMakeFiles/cmTC_1671f.dir/build
Building C object CMakeFiles/cmTC_1671f.dir/src.c.o
/Applications/Xcode.app/Contents/Developer/Toolchains/XcodeDefault.xctoolchain/usr/bin/clang --target=arm64-apple-darwin   -DVAR_ARRAYS -arch arm64 -isysroot /Applications/Xcode.app/Contents/Developer/Platforms/iPhoneOS.platform/Developer/SDKs/iPhoneOS11.3.sdk   -o CMakeFiles/cmTC_1671f.dir/src.c.o   -c /Users/bhavesh/Desktop/LinphoneV4/linphone-iphone/WORK/ios-arm64/Build/speex/CMakeFiles/CMakeTmp/src.c
Linking C executable cmTC_1671f
/usr/local/Cellar/cmake/3.11.0/bin/cmake -E cmake_link_script CMakeFiles/cmTC_1671f.dir/link.txt --verbose=1
/Applications/Xcode.app/Contents/Developer/Toolchains/XcodeDefault.xctoolchain/usr/bin/clang --target=arm64-apple-darwin  -DVAR_ARRAYS -arch arm64 -isysroot /Applications/Xcode.app/Contents/Developer/Platforms/iPhoneOS.platform/Developer/SDKs/iPhoneOS11.3.sdk -Wl,-search_paths_first -Wl,-headerpad_max_install_names   CMakeFiles/cmTC_1671f.dir/src.c.o  -o cmTC_1671f 

Source file was:
int main(int argc, char *argv[]) {
int foo;
foo = 10;
int array[foo];
}
Performing C SOURCE FILE Test HAS_ALLOCA succeeded with the following output:
Change Dir: /Users/bhavesh/Desktop/LinphoneV4/linphone-iphone/WORK/ios-arm64/Build/speex/CMakeFiles/CMakeTmp

Run Build Command:"/usr/bin/make" "cmTC_ca093/fast"
/Applications/Xcode.app/Contents/Developer/usr/bin/make -f CMakeFiles/cmTC_ca093.dir/build.make CMakeFiles/cmTC_ca093.dir/build
Building C object CMakeFiles/cmTC_ca093.dir/src.c.o
/Applications/Xcode.app/Contents/Developer/Toolchains/XcodeDefault.xctoolchain/usr/bin/clang --target=arm64-apple-darwin   -DHAS_ALLOCA -arch arm64 -isysroot /Applications/Xcode.app/Contents/Developer/Platforms/iPhoneOS.platform/Developer/SDKs/iPhoneOS11.3.sdk   -o CMakeFiles/cmTC_ca093.dir/src.c.o   -c /Users/bhavesh/Desktop/LinphoneV4/linphone-iphone/WORK/ios-arm64/Build/speex/CMakeFiles/CMakeTmp/src.c
Linking C executable cmTC_ca093
/usr/local/Cellar/cmake/3.11.0/bin/cmake -E cmake_link_script CMakeFiles/cmTC_ca093.dir/link.txt --verbose=1
/Applications/Xcode.app/Contents/Developer/Toolchains/XcodeDefault.xctoolchain/usr/bin/clang --target=arm64-apple-darwin  -DHAS_ALLOCA -arch arm64 -isysroot /Applications/Xcode.app/Contents/Developer/Platforms/iPhoneOS.platform/Developer/SDKs/iPhoneOS11.3.sdk -Wl,-search_paths_first -Wl,-headerpad_max_install_names   CMakeFiles/cmTC_ca093.dir/src.c.o  -o cmTC_ca093 

Source file was:
#include <alloca.h>
#include <stdlib.h>
int main(int argc, char *argv[]) {
int foo=10;
int *array = alloca(foo);
}
Performing C SOURCE FILE Test HAS_VISIBILITY succeeded with the following output:
Change Dir: /Users/bhavesh/Desktop/LinphoneV4/linphone-iphone/WORK/ios-arm64/Build/speex/CMakeFiles/CMakeTmp

Run Build Command:"/usr/bin/make" "cmTC_2b634/fast"
/Applications/Xcode.app/Contents/Developer/usr/bin/make -f CMakeFiles/cmTC_2b634.dir/build.make CMakeFiles/cmTC_2b634.dir/build
Building C object CMakeFiles/cmTC_2b634.dir/src.c.o
/Applications/Xcode.app/Contents/Developer/Toolchains/XcodeDefault.xctoolchain/usr/bin/clang --target=arm64-apple-darwin   -fvisibility=hidden -DHAS_VISIBILITY -arch arm64 -isysroot /Applications/Xcode.app/Contents/Developer/Platforms/iPhoneOS.platform/Developer/SDKs/iPhoneOS11.3.sdk   -o CMakeFiles/cmTC_2b634.dir/src.c.o   -c /Users/bhavesh/Desktop/LinphoneV4/linphone-iphone/WORK/ios-arm64/Build/speex/CMakeFiles/CMakeTmp/src.c
Linking C executable cmTC_2b634
/usr/local/Cellar/cmake/3.11.0/bin/cmake -E cmake_link_script CMakeFiles/cmTC_2b634.dir/link.txt --verbose=1
/Applications/Xcode.app/Contents/Developer/Toolchains/XcodeDefault.xctoolchain/usr/bin/clang --target=arm64-apple-darwin  -fvisibility=hidden -DHAS_VISIBILITY -arch arm64 -isysroot /Applications/Xcode.app/Contents/Developer/Platforms/iPhoneOS.platform/Developer/SDKs/iPhoneOS11.3.sdk -Wl,-search_paths_first -Wl,-headerpad_max_install_names   CMakeFiles/cmTC_2b634.dir/src.c.o  -o cmTC_2b634 

Source file was:
#pragma GCC visibility push(hidden)
__attribute__((visibility("default")))
int var=10;
int main(int argc, char *argv[]) {}
Determining if the include file sys/types.h exists passed with the following output:
Change Dir: /Users/bhavesh/Desktop/LinphoneV4/linphone-iphone/WORK/ios-arm64/Build/speex/CMakeFiles/CMakeTmp

Run Build Command:"/usr/bin/make" "cmTC_59e39/fast"
/Applications/Xcode.app/Contents/Developer/usr/bin/make -f CMakeFiles/cmTC_59e39.dir/build.make CMakeFiles/cmTC_59e39.dir/build
Building C object CMakeFiles/cmTC_59e39.dir/CheckIncludeFile.c.o
/Applications/Xcode.app/Contents/Developer/Toolchains/XcodeDefault.xctoolchain/usr/bin/clang --target=arm64-apple-darwin   -arch arm64 -isysroot /Applications/Xcode.app/Contents/Developer/Platforms/iPhoneOS.platform/Developer/SDKs/iPhoneOS11.3.sdk   -o CMakeFiles/cmTC_59e39.dir/CheckIncludeFile.c.o   -c /Users/bhavesh/Desktop/LinphoneV4/linphone-iphone/WORK/ios-arm64/Build/speex/CMakeFiles/CMakeTmp/CheckIncludeFile.c
Linking C executable cmTC_59e39
/usr/local/Cellar/cmake/3.11.0/bin/cmake -E cmake_link_script CMakeFiles/cmTC_59e39.dir/link.txt --verbose=1
/Applications/Xcode.app/Contents/Developer/Toolchains/XcodeDefault.xctoolchain/usr/bin/clang --target=arm64-apple-darwin   -arch arm64 -isysroot /Applications/Xcode.app/Contents/Developer/Platforms/iPhoneOS.platform/Developer/SDKs/iPhoneOS11.3.sdk -Wl,-search_paths_first -Wl,-headerpad_max_install_names   CMakeFiles/cmTC_59e39.dir/CheckIncludeFile.c.o  -o cmTC_59e39 


Determining if the include file stdint.h exists passed with the following output:
Change Dir: /Users/bhavesh/Desktop/LinphoneV4/linphone-iphone/WORK/ios-arm64/Build/speex/CMakeFiles/CMakeTmp

Run Build Command:"/usr/bin/make" "cmTC_c4ee1/fast"
/Applications/Xcode.app/Contents/Developer/usr/bin/make -f CMakeFiles/cmTC_c4ee1.dir/build.make CMakeFiles/cmTC_c4ee1.dir/build
Building C object CMakeFiles/cmTC_c4ee1.dir/CheckIncludeFile.c.o
/Applications/Xcode.app/Contents/Developer/Toolchains/XcodeDefault.xctoolchain/usr/bin/clang --target=arm64-apple-darwin   -arch arm64 -isysroot /Applications/Xcode.app/Contents/Developer/Platforms/iPhoneOS.platform/Developer/SDKs/iPhoneOS11.3.sdk   -o CMakeFiles/cmTC_c4ee1.dir/CheckIncludeFile.c.o   -c /Users/bhavesh/Desktop/LinphoneV4/linphone-iphone/WORK/ios-arm64/Build/speex/CMakeFiles/CMakeTmp/CheckIncludeFile.c
Linking C executable cmTC_c4ee1
/usr/local/Cellar/cmake/3.11.0/bin/cmake -E cmake_link_script CMakeFiles/cmTC_c4ee1.dir/link.txt --verbose=1
/Applications/Xcode.app/Contents/Developer/Toolchains/XcodeDefault.xctoolchain/usr/bin/clang --target=arm64-apple-darwin   -arch arm64 -isysroot /Applications/Xcode.app/Contents/Developer/Platforms/iPhoneOS.platform/Developer/SDKs/iPhoneOS11.3.sdk -Wl,-search_paths_first -Wl,-headerpad_max_install_names   CMakeFiles/cmTC_c4ee1.dir/CheckIncludeFile.c.o  -o cmTC_c4ee1 


Determining if the include file stddef.h exists passed with the following output:
Change Dir: /Users/bhavesh/Desktop/LinphoneV4/linphone-iphone/WORK/ios-arm64/Build/speex/CMakeFiles/CMakeTmp

Run Build Command:"/usr/bin/make" "cmTC_7e956/fast"
/Applications/Xcode.app/Contents/Developer/usr/bin/make -f CMakeFiles/cmTC_7e956.dir/build.make CMakeFiles/cmTC_7e956.dir/build
Building C object CMakeFiles/cmTC_7e956.dir/CheckIncludeFile.c.o
/Applications/Xcode.app/Contents/Developer/Toolchains/XcodeDefault.xctoolchain/usr/bin/clang --target=arm64-apple-darwin   -arch arm64 -isysroot /Applications/Xcode.app/Contents/Developer/Platforms/iPhoneOS.platform/Developer/SDKs/iPhoneOS11.3.sdk   -o CMakeFiles/cmTC_7e956.dir/CheckIncludeFile.c.o   -c /Users/bhavesh/Desktop/LinphoneV4/linphone-iphone/WORK/ios-arm64/Build/speex/CMakeFiles/CMakeTmp/CheckIncludeFile.c
Linking C executable cmTC_7e956
/usr/local/Cellar/cmake/3.11.0/bin/cmake -E cmake_link_script CMakeFiles/cmTC_7e956.dir/link.txt --verbose=1
/Applications/Xcode.app/Contents/Developer/Toolchains/XcodeDefault.xctoolchain/usr/bin/clang --target=arm64-apple-darwin   -arch arm64 -isysroot /Applications/Xcode.app/Contents/Developer/Platforms/iPhoneOS.platform/Developer/SDKs/iPhoneOS11.3.sdk -Wl,-search_paths_first -Wl,-headerpad_max_install_names   CMakeFiles/cmTC_7e956.dir/CheckIncludeFile.c.o  -o cmTC_7e956 


Determining size of short passed with the following output:
Change Dir: /Users/bhavesh/Desktop/LinphoneV4/linphone-iphone/WORK/ios-arm64/Build/speex/CMakeFiles/CMakeTmp

Run Build Command:"/usr/bin/make" "cmTC_98a6c/fast"
/Applications/Xcode.app/Contents/Developer/usr/bin/make -f CMakeFiles/cmTC_98a6c.dir/build.make CMakeFiles/cmTC_98a6c.dir/build
Building C object CMakeFiles/cmTC_98a6c.dir/SHORT.c.o
/Applications/Xcode.app/Contents/Developer/Toolchains/XcodeDefault.xctoolchain/usr/bin/clang --target=arm64-apple-darwin   -arch arm64 -isysroot /Applications/Xcode.app/Contents/Developer/Platforms/iPhoneOS.platform/Developer/SDKs/iPhoneOS11.3.sdk   -o CMakeFiles/cmTC_98a6c.dir/SHORT.c.o   -c /Users/bhavesh/Desktop/LinphoneV4/linphone-iphone/WORK/ios-arm64/Build/speex/CMakeFiles/CheckTypeSize/SHORT.c
Linking C executable cmTC_98a6c
/usr/local/Cellar/cmake/3.11.0/bin/cmake -E cmake_link_script CMakeFiles/cmTC_98a6c.dir/link.txt --verbose=1
/Applications/Xcode.app/Contents/Developer/Toolchains/XcodeDefault.xctoolchain/usr/bin/clang --target=arm64-apple-darwin   -arch arm64 -isysroot /Applications/Xcode.app/Contents/Developer/Platforms/iPhoneOS.platform/Developer/SDKs/iPhoneOS11.3.sdk -Wl,-search_paths_first -Wl,-headerpad_max_install_names   CMakeFiles/cmTC_98a6c.dir/SHORT.c.o  -o cmTC_98a6c 


Determining size of int passed with the following output:
Change Dir: /Users/bhavesh/Desktop/LinphoneV4/linphone-iphone/WORK/ios-arm64/Build/speex/CMakeFiles/CMakeTmp

Run Build Command:"/usr/bin/make" "cmTC_2404a/fast"
/Applications/Xcode.app/Contents/Developer/usr/bin/make -f CMakeFiles/cmTC_2404a.dir/build.make CMakeFiles/cmTC_2404a.dir/build
Building C object CMakeFiles/cmTC_2404a.dir/INT.c.o
/Applications/Xcode.app/Contents/Developer/Toolchains/XcodeDefault.xctoolchain/usr/bin/clang --target=arm64-apple-darwin   -arch arm64 -isysroot /Applications/Xcode.app/Contents/Developer/Platforms/iPhoneOS.platform/Developer/SDKs/iPhoneOS11.3.sdk   -o CMakeFiles/cmTC_2404a.dir/INT.c.o   -c /Users/bhavesh/Desktop/LinphoneV4/linphone-iphone/WORK/ios-arm64/Build/speex/CMakeFiles/CheckTypeSize/INT.c
Linking C executable cmTC_2404a
/usr/local/Cellar/cmake/3.11.0/bin/cmake -E cmake_link_script CMakeFiles/cmTC_2404a.dir/link.txt --verbose=1
/Applications/Xcode.app/Contents/Developer/Toolchains/XcodeDefault.xctoolchain/usr/bin/clang --target=arm64-apple-darwin   -arch arm64 -isysroot /Applications/Xcode.app/Contents/Developer/Platforms/iPhoneOS.platform/Developer/SDKs/iPhoneOS11.3.sdk -Wl,-search_paths_first -Wl,-headerpad_max_install_names   CMakeFiles/cmTC_2404a.dir/INT.c.o  -o cmTC_2404a 


Determining size of long passed with the following output:
Change Dir: /Users/bhavesh/Desktop/LinphoneV4/linphone-iphone/WORK/ios-arm64/Build/speex/CMakeFiles/CMakeTmp

Run Build Command:"/usr/bin/make" "cmTC_ff42d/fast"
/Applications/Xcode.app/Contents/Developer/usr/bin/make -f CMakeFiles/cmTC_ff42d.dir/build.make CMakeFiles/cmTC_ff42d.dir/build
Building C object CMakeFiles/cmTC_ff42d.dir/LONG.c.o
/Applications/Xcode.app/Contents/Developer/Toolchains/XcodeDefault.xctoolchain/usr/bin/clang --target=arm64-apple-darwin   -arch arm64 -isysroot /Applications/Xcode.app/Contents/Developer/Platforms/iPhoneOS.platform/Developer/SDKs/iPhoneOS11.3.sdk   -o CMakeFiles/cmTC_ff42d.dir/LONG.c.o   -c /Users/bhavesh/Desktop/LinphoneV4/linphone-iphone/WORK/ios-arm64/Build/speex/CMakeFiles/CheckTypeSize/LONG.c
Linking C executable cmTC_ff42d
/usr/local/Cellar/cmake/3.11.0/bin/cmake -E cmake_link_script CMakeFiles/cmTC_ff42d.dir/link.txt --verbose=1
/Applications/Xcode.app/Contents/Developer/Toolchains/XcodeDefault.xctoolchain/usr/bin/clang --target=arm64-apple-darwin   -arch arm64 -isysroot /Applications/Xcode.app/Contents/Developer/Platforms/iPhoneOS.platform/Developer/SDKs/iPhoneOS11.3.sdk -Wl,-search_paths_first -Wl,-headerpad_max_install_names   CMakeFiles/cmTC_ff42d.dir/LONG.c.o  -o cmTC_ff42d 


