The target system is: Darwin - 11.3 - x86_64
The host system is: Darwin - 17.5.0 - x86_64
Compiling the C compiler identification source file "CMakeCCompilerId.c" succeeded.
Compiler: /Applications/Xcode.app/Contents/Developer/Toolchains/XcodeDefault.xctoolchain/usr/bin/clang 
Build flags: 
Id flags:  

The output was:
0


Compilation of the C compiler identification source "CMakeCCompilerId.c" produced "a.out"

The C compiler identification is AppleClang, found in "/Users/bhavesh/Desktop/LinphoneV4/linphone-iphone/WORK/ios-x86_64/Build/bellesip/CMakeFiles/3.11.0/CompilerIdC/a.out"

Compiling the CXX compiler identification source file "CMakeCXXCompilerId.cpp" succeeded.
Compiler: /Applications/Xcode.app/Contents/Developer/Toolchains/XcodeDefault.xctoolchain/usr/bin/clang++ 
Build flags: 
Id flags:  

The output was:
0


Compilation of the CXX compiler identification source "CMakeCXXCompilerId.cpp" produced "a.out"

The CXX compiler identification is AppleClang, found in "/Users/bhavesh/Desktop/LinphoneV4/linphone-iphone/WORK/ios-x86_64/Build/bellesip/CMakeFiles/3.11.0/CompilerIdCXX/a.out"

Determining if the C compiler works passed with the following output:
Change Dir: /Users/bhavesh/Desktop/LinphoneV4/linphone-iphone/WORK/ios-x86_64/Build/bellesip/CMakeFiles/CMakeTmp

Run Build Command:"/usr/bin/make" "cmTC_0be31/fast"
/Applications/Xcode.app/Contents/Developer/usr/bin/make -f CMakeFiles/cmTC_0be31.dir/build.make CMakeFiles/cmTC_0be31.dir/build
Building C object CMakeFiles/cmTC_0be31.dir/testCCompiler.c.o
/Applications/Xcode.app/Contents/Developer/Toolchains/XcodeDefault.xctoolchain/usr/bin/clang --target=x86_64-apple-darwin   -arch x86_64 -isysroot /Applications/Xcode.app/Contents/Developer/Platforms/iPhoneSimulator.platform/Developer/SDKs/iPhoneSimulator11.3.sdk   -o CMakeFiles/cmTC_0be31.dir/testCCompiler.c.o   -c /Users/bhavesh/Desktop/LinphoneV4/linphone-iphone/WORK/ios-x86_64/Build/bellesip/CMakeFiles/CMakeTmp/testCCompiler.c
Linking C executable cmTC_0be31
/usr/local/Cellar/cmake/3.11.0/bin/cmake -E cmake_link_script CMakeFiles/cmTC_0be31.dir/link.txt --verbose=1
/Applications/Xcode.app/Contents/Developer/Toolchains/XcodeDefault.xctoolchain/usr/bin/clang --target=x86_64-apple-darwin   -arch x86_64 -isysroot /Applications/Xcode.app/Contents/Developer/Platforms/iPhoneSimulator.platform/Developer/SDKs/iPhoneSimulator11.3.sdk -Wl,-search_paths_first -Wl,-headerpad_max_install_names   CMakeFiles/cmTC_0be31.dir/testCCompiler.c.o  -o cmTC_0be31 


Detecting C compiler ABI info compiled with the following output:
Change Dir: /Users/bhavesh/Desktop/LinphoneV4/linphone-iphone/WORK/ios-x86_64/Build/bellesip/CMakeFiles/CMakeTmp

Run Build Command:"/usr/bin/make" "cmTC_97c36/fast"
/Applications/Xcode.app/Contents/Developer/usr/bin/make -f CMakeFiles/cmTC_97c36.dir/build.make CMakeFiles/cmTC_97c36.dir/build
Building C object CMakeFiles/cmTC_97c36.dir/CMakeCCompilerABI.c.o
/Applications/Xcode.app/Contents/Developer/Toolchains/XcodeDefault.xctoolchain/usr/bin/clang --target=x86_64-apple-darwin   -arch x86_64 -isysroot /Applications/Xcode.app/Contents/Developer/Platforms/iPhoneSimulator.platform/Developer/SDKs/iPhoneSimulator11.3.sdk   -o CMakeFiles/cmTC_97c36.dir/CMakeCCompilerABI.c.o   -c /usr/local/Cellar/cmake/3.11.0/share/cmake/Modules/CMakeCCompilerABI.c
Linking C executable cmTC_97c36
/usr/local/Cellar/cmake/3.11.0/bin/cmake -E cmake_link_script CMakeFiles/cmTC_97c36.dir/link.txt --verbose=1
/Applications/Xcode.app/Contents/Developer/Toolchains/XcodeDefault.xctoolchain/usr/bin/clang --target=x86_64-apple-darwin   -arch x86_64 -isysroot /Applications/Xcode.app/Contents/Developer/Platforms/iPhoneSimulator.platform/Developer/SDKs/iPhoneSimulator11.3.sdk -Wl,-search_paths_first -Wl,-headerpad_max_install_names  -v -Wl,-v CMakeFiles/cmTC_97c36.dir/CMakeCCompilerABI.c.o  -o cmTC_97c36 
Apple LLVM version 9.1.0 (clang-902.0.39.1)
Target: x86_64-apple-darwin
Thread model: posix
InstalledDir: /Applications/Xcode.app/Contents/Developer/Toolchains/XcodeDefault.xctoolchain/usr/bin
 "/Applications/Xcode.app/Contents/Developer/Toolchains/XcodeDefault.xctoolchain/usr/bin/ld" -demangle -lto_library /Applications/Xcode.app/Contents/Developer/Toolchains/XcodeDefault.xctoolchain/usr/lib/libLTO.dylib -dynamic -arch x86_64 -ios_simulator_version_min 11.3.0 -syslibroot /Applications/Xcode.app/Contents/Developer/Platforms/iPhoneSimulator.platform/Developer/SDKs/iPhoneSimulator11.3.sdk -o cmTC_97c36 -search_paths_first -headerpad_max_install_names -v CMakeFiles/cmTC_97c36.dir/CMakeCCompilerABI.c.o -lSystem /Applications/Xcode.app/Contents/Developer/Toolchains/XcodeDefault.xctoolchain/usr/lib/clang/9.1.0/lib/darwin/libclang_rt.ios.a
@(#)PROGRAM:ld  PROJECT:ld64-351.8
configured to support archs: armv6 armv7 armv7s arm64 i386 x86_64 x86_64h armv6m armv7k armv7m armv7em (tvOS)
Library search paths:
	/Applications/Xcode.app/Contents/Developer/Platforms/iPhoneSimulator.platform/Developer/SDKs/iPhoneSimulator11.3.sdk/usr/lib
Framework search paths:
	/Applications/Xcode.app/Contents/Developer/Platforms/iPhoneSimulator.platform/Developer/SDKs/iPhoneSimulator11.3.sdk/System/Library/Frameworks/


Parsed C implicit link information from above output:
  link line regex: [^( *|.*[/\])(ld|CMAKE_LINK_STARTFILE-NOTFOUND|([^/\]+-)?ld|collect2)[^/\]*( |$)]
  ignore line: [Change Dir: /Users/bhavesh/Desktop/LinphoneV4/linphone-iphone/WORK/ios-x86_64/Build/bellesip/CMakeFiles/CMakeTmp]
  ignore line: []
  ignore line: [Run Build Command:"/usr/bin/make" "cmTC_97c36/fast"]
  ignore line: [/Applications/Xcode.app/Contents/Developer/usr/bin/make -f CMakeFiles/cmTC_97c36.dir/build.make CMakeFiles/cmTC_97c36.dir/build]
  ignore line: [Building C object CMakeFiles/cmTC_97c36.dir/CMakeCCompilerABI.c.o]
  ignore line: [/Applications/Xcode.app/Contents/Developer/Toolchains/XcodeDefault.xctoolchain/usr/bin/clang --target=x86_64-apple-darwin   -arch x86_64 -isysroot /Applications/Xcode.app/Contents/Developer/Platforms/iPhoneSimulator.platform/Developer/SDKs/iPhoneSimulator11.3.sdk   -o CMakeFiles/cmTC_97c36.dir/CMakeCCompilerABI.c.o   -c /usr/local/Cellar/cmake/3.11.0/share/cmake/Modules/CMakeCCompilerABI.c]
  ignore line: [Linking C executable cmTC_97c36]
  ignore line: [/usr/local/Cellar/cmake/3.11.0/bin/cmake -E cmake_link_script CMakeFiles/cmTC_97c36.dir/link.txt --verbose=1]
  ignore line: [/Applications/Xcode.app/Contents/Developer/Toolchains/XcodeDefault.xctoolchain/usr/bin/clang --target=x86_64-apple-darwin   -arch x86_64 -isysroot /Applications/Xcode.app/Contents/Developer/Platforms/iPhoneSimulator.platform/Developer/SDKs/iPhoneSimulator11.3.sdk -Wl,-search_paths_first -Wl,-headerpad_max_install_names  -v -Wl,-v CMakeFiles/cmTC_97c36.dir/CMakeCCompilerABI.c.o  -o cmTC_97c36 ]
  ignore line: [Apple LLVM version 9.1.0 (clang-902.0.39.1)]
  ignore line: [Target: x86_64-apple-darwin]
  ignore line: [Thread model: posix]
  ignore line: [InstalledDir: /Applications/Xcode.app/Contents/Developer/Toolchains/XcodeDefault.xctoolchain/usr/bin]
  link line: [ "/Applications/Xcode.app/Contents/Developer/Toolchains/XcodeDefault.xctoolchain/usr/bin/ld" -demangle -lto_library /Applications/Xcode.app/Contents/Developer/Toolchains/XcodeDefault.xctoolchain/usr/lib/libLTO.dylib -dynamic -arch x86_64 -ios_simulator_version_min 11.3.0 -syslibroot /Applications/Xcode.app/Contents/Developer/Platforms/iPhoneSimulator.platform/Developer/SDKs/iPhoneSimulator11.3.sdk -o cmTC_97c36 -search_paths_first -headerpad_max_install_names -v CMakeFiles/cmTC_97c36.dir/CMakeCCompilerABI.c.o -lSystem /Applications/Xcode.app/Contents/Developer/Toolchains/XcodeDefault.xctoolchain/usr/lib/clang/9.1.0/lib/darwin/libclang_rt.ios.a]
    arg [/Applications/Xcode.app/Contents/Developer/Toolchains/XcodeDefault.xctoolchain/usr/bin/ld] ==> ignore
    arg [-demangle] ==> ignore
    arg [-lto_library] ==> ignore, skip following value
    arg [/Applications/Xcode.app/Contents/Developer/Toolchains/XcodeDefault.xctoolchain/usr/lib/libLTO.dylib] ==> skip value of -lto_library
    arg [-dynamic] ==> ignore
    arg [-arch] ==> ignore
    arg [x86_64] ==> ignore
    arg [-ios_simulator_version_min] ==> ignore
    arg [11.3.0] ==> ignore
    arg [-syslibroot] ==> ignore
    arg [/Applications/Xcode.app/Contents/Developer/Platforms/iPhoneSimulator.platform/Developer/SDKs/iPhoneSimulator11.3.sdk] ==> ignore
    arg [-o] ==> ignore
    arg [cmTC_97c36] ==> ignore
    arg [-search_paths_first] ==> ignore
    arg [-headerpad_max_install_names] ==> ignore
    arg [-v] ==> ignore
    arg [CMakeFiles/cmTC_97c36.dir/CMakeCCompilerABI.c.o] ==> ignore
    arg [-lSystem] ==> lib [System]
    arg [/Applications/Xcode.app/Contents/Developer/Toolchains/XcodeDefault.xctoolchain/usr/lib/clang/9.1.0/lib/darwin/libclang_rt.ios.a] ==> lib [/Applications/Xcode.app/Contents/Developer/Toolchains/XcodeDefault.xctoolchain/usr/lib/clang/9.1.0/lib/darwin/libclang_rt.ios.a]
  Library search paths: [;/Applications/Xcode.app/Contents/Developer/Platforms/iPhoneSimulator.platform/Developer/SDKs/iPhoneSimulator11.3.sdk/usr/lib]
  Framework search paths: [;/Applications/Xcode.app/Contents/Developer/Platforms/iPhoneSimulator.platform/Developer/SDKs/iPhoneSimulator11.3.sdk/System/Library/Frameworks/]
  remove lib [System]
  remove lib [/Applications/Xcode.app/Contents/Developer/Toolchains/XcodeDefault.xctoolchain/usr/lib/clang/9.1.0/lib/darwin/libclang_rt.ios.a]
  collapse library dir [/Applications/Xcode.app/Contents/Developer/Platforms/iPhoneSimulator.platform/Developer/SDKs/iPhoneSimulator11.3.sdk/usr/lib] ==> [/Applications/Xcode.app/Contents/Developer/Platforms/iPhoneSimulator.platform/Developer/SDKs/iPhoneSimulator11.3.sdk/usr/lib]
  collapse framework dir [/Applications/Xcode.app/Contents/Developer/Platforms/iPhoneSimulator.platform/Developer/SDKs/iPhoneSimulator11.3.sdk/System/Library/Frameworks/] ==> [/Applications/Xcode.app/Contents/Developer/Platforms/iPhoneSimulator.platform/Developer/SDKs/iPhoneSimulator11.3.sdk/System/Library/Frameworks]
  implicit libs: []
  implicit dirs: [/Applications/Xcode.app/Contents/Developer/Platforms/iPhoneSimulator.platform/Developer/SDKs/iPhoneSimulator11.3.sdk/usr/lib]
  implicit fwks: [/Applications/Xcode.app/Contents/Developer/Platforms/iPhoneSimulator.platform/Developer/SDKs/iPhoneSimulator11.3.sdk/System/Library/Frameworks]




Detecting C [-std=c11] compiler features compiled with the following output:
Change Dir: /Users/bhavesh/Desktop/LinphoneV4/linphone-iphone/WORK/ios-x86_64/Build/bellesip/CMakeFiles/CMakeTmp

Run Build Command:"/usr/bin/make" "cmTC_484bd/fast"
/Applications/Xcode.app/Contents/Developer/usr/bin/make -f CMakeFiles/cmTC_484bd.dir/build.make CMakeFiles/cmTC_484bd.dir/build
Building C object CMakeFiles/cmTC_484bd.dir/feature_tests.c.o
/Applications/Xcode.app/Contents/Developer/Toolchains/XcodeDefault.xctoolchain/usr/bin/clang --target=x86_64-apple-darwin   -arch x86_64 -isysroot /Applications/Xcode.app/Contents/Developer/Platforms/iPhoneSimulator.platform/Developer/SDKs/iPhoneSimulator11.3.sdk   -std=c11 -o CMakeFiles/cmTC_484bd.dir/feature_tests.c.o   -c /Users/bhavesh/Desktop/LinphoneV4/linphone-iphone/WORK/ios-x86_64/Build/bellesip/CMakeFiles/feature_tests.c
Linking C executable cmTC_484bd
/usr/local/Cellar/cmake/3.11.0/bin/cmake -E cmake_link_script CMakeFiles/cmTC_484bd.dir/link.txt --verbose=1
/Applications/Xcode.app/Contents/Developer/Toolchains/XcodeDefault.xctoolchain/usr/bin/clang --target=x86_64-apple-darwin   -arch x86_64 -isysroot /Applications/Xcode.app/Contents/Developer/Platforms/iPhoneSimulator.platform/Developer/SDKs/iPhoneSimulator11.3.sdk -Wl,-search_paths_first -Wl,-headerpad_max_install_names   CMakeFiles/cmTC_484bd.dir/feature_tests.c.o  -o cmTC_484bd 


    Feature record: C_FEATURE:1c_function_prototypes
    Feature record: C_FEATURE:1c_restrict
    Feature record: C_FEATURE:1c_static_assert
    Feature record: C_FEATURE:1c_variadic_macros


Detecting C [-std=c99] compiler features compiled with the following output:
Change Dir: /Users/bhavesh/Desktop/LinphoneV4/linphone-iphone/WORK/ios-x86_64/Build/bellesip/CMakeFiles/CMakeTmp

Run Build Command:"/usr/bin/make" "cmTC_b6d5d/fast"
/Applications/Xcode.app/Contents/Developer/usr/bin/make -f CMakeFiles/cmTC_b6d5d.dir/build.make CMakeFiles/cmTC_b6d5d.dir/build
Building C object CMakeFiles/cmTC_b6d5d.dir/feature_tests.c.o
/Applications/Xcode.app/Contents/Developer/Toolchains/XcodeDefault.xctoolchain/usr/bin/clang --target=x86_64-apple-darwin   -arch x86_64 -isysroot /Applications/Xcode.app/Contents/Developer/Platforms/iPhoneSimulator.platform/Developer/SDKs/iPhoneSimulator11.3.sdk   -std=c99 -o CMakeFiles/cmTC_b6d5d.dir/feature_tests.c.o   -c /Users/bhavesh/Desktop/LinphoneV4/linphone-iphone/WORK/ios-x86_64/Build/bellesip/CMakeFiles/feature_tests.c
Linking C executable cmTC_b6d5d
/usr/local/Cellar/cmake/3.11.0/bin/cmake -E cmake_link_script CMakeFiles/cmTC_b6d5d.dir/link.txt --verbose=1
/Applications/Xcode.app/Contents/Developer/Toolchains/XcodeDefault.xctoolchain/usr/bin/clang --target=x86_64-apple-darwin   -arch x86_64 -isysroot /Applications/Xcode.app/Contents/Developer/Platforms/iPhoneSimulator.platform/Developer/SDKs/iPhoneSimulator11.3.sdk -Wl,-search_paths_first -Wl,-headerpad_max_install_names   CMakeFiles/cmTC_b6d5d.dir/feature_tests.c.o  -o cmTC_b6d5d 


    Feature record: C_FEATURE:1c_function_prototypes
    Feature record: C_FEATURE:1c_restrict
    Feature record: C_FEATURE:0c_static_assert
    Feature record: C_FEATURE:1c_variadic_macros


Detecting C [-std=c90] compiler features compiled with the following output:
Change Dir: /Users/bhavesh/Desktop/LinphoneV4/linphone-iphone/WORK/ios-x86_64/Build/bellesip/CMakeFiles/CMakeTmp

Run Build Command:"/usr/bin/make" "cmTC_d5d02/fast"
/Applications/Xcode.app/Contents/Developer/usr/bin/make -f CMakeFiles/cmTC_d5d02.dir/build.make CMakeFiles/cmTC_d5d02.dir/build
Building C object CMakeFiles/cmTC_d5d02.dir/feature_tests.c.o
/Applications/Xcode.app/Contents/Developer/Toolchains/XcodeDefault.xctoolchain/usr/bin/clang --target=x86_64-apple-darwin   -arch x86_64 -isysroot /Applications/Xcode.app/Contents/Developer/Platforms/iPhoneSimulator.platform/Developer/SDKs/iPhoneSimulator11.3.sdk   -std=c90 -o CMakeFiles/cmTC_d5d02.dir/feature_tests.c.o   -c /Users/bhavesh/Desktop/LinphoneV4/linphone-iphone/WORK/ios-x86_64/Build/bellesip/CMakeFiles/feature_tests.c
Linking C executable cmTC_d5d02
/usr/local/Cellar/cmake/3.11.0/bin/cmake -E cmake_link_script CMakeFiles/cmTC_d5d02.dir/link.txt --verbose=1
/Applications/Xcode.app/Contents/Developer/Toolchains/XcodeDefault.xctoolchain/usr/bin/clang --target=x86_64-apple-darwin   -arch x86_64 -isysroot /Applications/Xcode.app/Contents/Developer/Platforms/iPhoneSimulator.platform/Developer/SDKs/iPhoneSimulator11.3.sdk -Wl,-search_paths_first -Wl,-headerpad_max_install_names   CMakeFiles/cmTC_d5d02.dir/feature_tests.c.o  -o cmTC_d5d02 


    Feature record: C_FEATURE:1c_function_prototypes
    Feature record: C_FEATURE:0c_restrict
    Feature record: C_FEATURE:0c_static_assert
    Feature record: C_FEATURE:0c_variadic_macros
Determining if the CXX compiler works passed with the following output:
Change Dir: /Users/bhavesh/Desktop/LinphoneV4/linphone-iphone/WORK/ios-x86_64/Build/bellesip/CMakeFiles/CMakeTmp

Run Build Command:"/usr/bin/make" "cmTC_3ce84/fast"
/Applications/Xcode.app/Contents/Developer/usr/bin/make -f CMakeFiles/cmTC_3ce84.dir/build.make CMakeFiles/cmTC_3ce84.dir/build
Building CXX object CMakeFiles/cmTC_3ce84.dir/testCXXCompiler.cxx.o
/Applications/Xcode.app/Contents/Developer/Toolchains/XcodeDefault.xctoolchain/usr/bin/clang++ --target=x86_64-apple-darwin    -arch x86_64 -isysroot /Applications/Xcode.app/Contents/Developer/Platforms/iPhoneSimulator.platform/Developer/SDKs/iPhoneSimulator11.3.sdk   -o CMakeFiles/cmTC_3ce84.dir/testCXXCompiler.cxx.o -c /Users/bhavesh/Desktop/LinphoneV4/linphone-iphone/WORK/ios-x86_64/Build/bellesip/CMakeFiles/CMakeTmp/testCXXCompiler.cxx
Linking CXX executable cmTC_3ce84
/usr/local/Cellar/cmake/3.11.0/bin/cmake -E cmake_link_script CMakeFiles/cmTC_3ce84.dir/link.txt --verbose=1
/Applications/Xcode.app/Contents/Developer/Toolchains/XcodeDefault.xctoolchain/usr/bin/clang++ --target=x86_64-apple-darwin    -arch x86_64 -isysroot /Applications/Xcode.app/Contents/Developer/Platforms/iPhoneSimulator.platform/Developer/SDKs/iPhoneSimulator11.3.sdk -Wl,-search_paths_first -Wl,-headerpad_max_install_names   CMakeFiles/cmTC_3ce84.dir/testCXXCompiler.cxx.o  -o cmTC_3ce84 


Detecting CXX compiler ABI info compiled with the following output:
Change Dir: /Users/bhavesh/Desktop/LinphoneV4/linphone-iphone/WORK/ios-x86_64/Build/bellesip/CMakeFiles/CMakeTmp

Run Build Command:"/usr/bin/make" "cmTC_41697/fast"
/Applications/Xcode.app/Contents/Developer/usr/bin/make -f CMakeFiles/cmTC_41697.dir/build.make CMakeFiles/cmTC_41697.dir/build
Building CXX object CMakeFiles/cmTC_41697.dir/CMakeCXXCompilerABI.cpp.o
/Applications/Xcode.app/Contents/Developer/Toolchains/XcodeDefault.xctoolchain/usr/bin/clang++ --target=x86_64-apple-darwin    -arch x86_64 -isysroot /Applications/Xcode.app/Contents/Developer/Platforms/iPhoneSimulator.platform/Developer/SDKs/iPhoneSimulator11.3.sdk   -o CMakeFiles/cmTC_41697.dir/CMakeCXXCompilerABI.cpp.o -c /usr/local/Cellar/cmake/3.11.0/share/cmake/Modules/CMakeCXXCompilerABI.cpp
Linking CXX executable cmTC_41697
/usr/local/Cellar/cmake/3.11.0/bin/cmake -E cmake_link_script CMakeFiles/cmTC_41697.dir/link.txt --verbose=1
/Applications/Xcode.app/Contents/Developer/Toolchains/XcodeDefault.xctoolchain/usr/bin/clang++ --target=x86_64-apple-darwin    -arch x86_64 -isysroot /Applications/Xcode.app/Contents/Developer/Platforms/iPhoneSimulator.platform/Developer/SDKs/iPhoneSimulator11.3.sdk -Wl,-search_paths_first -Wl,-headerpad_max_install_names  -v -Wl,-v CMakeFiles/cmTC_41697.dir/CMakeCXXCompilerABI.cpp.o  -o cmTC_41697 
Apple LLVM version 9.1.0 (clang-902.0.39.1)
Target: x86_64-apple-darwin
Thread model: posix
InstalledDir: /Applications/Xcode.app/Contents/Developer/Toolchains/XcodeDefault.xctoolchain/usr/bin
 "/Applications/Xcode.app/Contents/Developer/Toolchains/XcodeDefault.xctoolchain/usr/bin/ld" -demangle -lto_library /Applications/Xcode.app/Contents/Developer/Toolchains/XcodeDefault.xctoolchain/usr/lib/libLTO.dylib -dynamic -arch x86_64 -ios_simulator_version_min 11.3.0 -syslibroot /Applications/Xcode.app/Contents/Developer/Platforms/iPhoneSimulator.platform/Developer/SDKs/iPhoneSimulator11.3.sdk -o cmTC_41697 -search_paths_first -headerpad_max_install_names -v CMakeFiles/cmTC_41697.dir/CMakeCXXCompilerABI.cpp.o -lc++ -lSystem /Applications/Xcode.app/Contents/Developer/Toolchains/XcodeDefault.xctoolchain/usr/lib/clang/9.1.0/lib/darwin/libclang_rt.ios.a
@(#)PROGRAM:ld  PROJECT:ld64-351.8
configured to support archs: armv6 armv7 armv7s arm64 i386 x86_64 x86_64h armv6m armv7k armv7m armv7em (tvOS)
Library search paths:
	/Applications/Xcode.app/Contents/Developer/Platforms/iPhoneSimulator.platform/Developer/SDKs/iPhoneSimulator11.3.sdk/usr/lib
Framework search paths:
	/Applications/Xcode.app/Contents/Developer/Platforms/iPhoneSimulator.platform/Developer/SDKs/iPhoneSimulator11.3.sdk/System/Library/Frameworks/


Parsed CXX implicit link information from above output:
  link line regex: [^( *|.*[/\])(ld|CMAKE_LINK_STARTFILE-NOTFOUND|([^/\]+-)?ld|collect2)[^/\]*( |$)]
  ignore line: [Change Dir: /Users/bhavesh/Desktop/LinphoneV4/linphone-iphone/WORK/ios-x86_64/Build/bellesip/CMakeFiles/CMakeTmp]
  ignore line: []
  ignore line: [Run Build Command:"/usr/bin/make" "cmTC_41697/fast"]
  ignore line: [/Applications/Xcode.app/Contents/Developer/usr/bin/make -f CMakeFiles/cmTC_41697.dir/build.make CMakeFiles/cmTC_41697.dir/build]
  ignore line: [Building CXX object CMakeFiles/cmTC_41697.dir/CMakeCXXCompilerABI.cpp.o]
  ignore line: [/Applications/Xcode.app/Contents/Developer/Toolchains/XcodeDefault.xctoolchain/usr/bin/clang++ --target=x86_64-apple-darwin    -arch x86_64 -isysroot /Applications/Xcode.app/Contents/Developer/Platforms/iPhoneSimulator.platform/Developer/SDKs/iPhoneSimulator11.3.sdk   -o CMakeFiles/cmTC_41697.dir/CMakeCXXCompilerABI.cpp.o -c /usr/local/Cellar/cmake/3.11.0/share/cmake/Modules/CMakeCXXCompilerABI.cpp]
  ignore line: [Linking CXX executable cmTC_41697]
  ignore line: [/usr/local/Cellar/cmake/3.11.0/bin/cmake -E cmake_link_script CMakeFiles/cmTC_41697.dir/link.txt --verbose=1]
  ignore line: [/Applications/Xcode.app/Contents/Developer/Toolchains/XcodeDefault.xctoolchain/usr/bin/clang++ --target=x86_64-apple-darwin    -arch x86_64 -isysroot /Applications/Xcode.app/Contents/Developer/Platforms/iPhoneSimulator.platform/Developer/SDKs/iPhoneSimulator11.3.sdk -Wl,-search_paths_first -Wl,-headerpad_max_install_names  -v -Wl,-v CMakeFiles/cmTC_41697.dir/CMakeCXXCompilerABI.cpp.o  -o cmTC_41697 ]
  ignore line: [Apple LLVM version 9.1.0 (clang-902.0.39.1)]
  ignore line: [Target: x86_64-apple-darwin]
  ignore line: [Thread model: posix]
  ignore line: [InstalledDir: /Applications/Xcode.app/Contents/Developer/Toolchains/XcodeDefault.xctoolchain/usr/bin]
  link line: [ "/Applications/Xcode.app/Contents/Developer/Toolchains/XcodeDefault.xctoolchain/usr/bin/ld" -demangle -lto_library /Applications/Xcode.app/Contents/Developer/Toolchains/XcodeDefault.xctoolchain/usr/lib/libLTO.dylib -dynamic -arch x86_64 -ios_simulator_version_min 11.3.0 -syslibroot /Applications/Xcode.app/Contents/Developer/Platforms/iPhoneSimulator.platform/Developer/SDKs/iPhoneSimulator11.3.sdk -o cmTC_41697 -search_paths_first -headerpad_max_install_names -v CMakeFiles/cmTC_41697.dir/CMakeCXXCompilerABI.cpp.o -lc++ -lSystem /Applications/Xcode.app/Contents/Developer/Toolchains/XcodeDefault.xctoolchain/usr/lib/clang/9.1.0/lib/darwin/libclang_rt.ios.a]
    arg [/Applications/Xcode.app/Contents/Developer/Toolchains/XcodeDefault.xctoolchain/usr/bin/ld] ==> ignore
    arg [-demangle] ==> ignore
    arg [-lto_library] ==> ignore, skip following value
    arg [/Applications/Xcode.app/Contents/Developer/Toolchains/XcodeDefault.xctoolchain/usr/lib/libLTO.dylib] ==> skip value of -lto_library
    arg [-dynamic] ==> ignore
    arg [-arch] ==> ignore
    arg [x86_64] ==> ignore
    arg [-ios_simulator_version_min] ==> ignore
    arg [11.3.0] ==> ignore
    arg [-syslibroot] ==> ignore
    arg [/Applications/Xcode.app/Contents/Developer/Platforms/iPhoneSimulator.platform/Developer/SDKs/iPhoneSimulator11.3.sdk] ==> ignore
    arg [-o] ==> ignore
    arg [cmTC_41697] ==> ignore
    arg [-search_paths_first] ==> ignore
    arg [-headerpad_max_install_names] ==> ignore
    arg [-v] ==> ignore
    arg [CMakeFiles/cmTC_41697.dir/CMakeCXXCompilerABI.cpp.o] ==> ignore
    arg [-lc++] ==> lib [c++]
    arg [-lSystem] ==> lib [System]
    arg [/Applications/Xcode.app/Contents/Developer/Toolchains/XcodeDefault.xctoolchain/usr/lib/clang/9.1.0/lib/darwin/libclang_rt.ios.a] ==> lib [/Applications/Xcode.app/Contents/Developer/Toolchains/XcodeDefault.xctoolchain/usr/lib/clang/9.1.0/lib/darwin/libclang_rt.ios.a]
  Library search paths: [;/Applications/Xcode.app/Contents/Developer/Platforms/iPhoneSimulator.platform/Developer/SDKs/iPhoneSimulator11.3.sdk/usr/lib]
  Framework search paths: [;/Applications/Xcode.app/Contents/Developer/Platforms/iPhoneSimulator.platform/Developer/SDKs/iPhoneSimulator11.3.sdk/System/Library/Frameworks/]
  remove lib [System]
  remove lib [/Applications/Xcode.app/Contents/Developer/Toolchains/XcodeDefault.xctoolchain/usr/lib/clang/9.1.0/lib/darwin/libclang_rt.ios.a]
  collapse library dir [/Applications/Xcode.app/Contents/Developer/Platforms/iPhoneSimulator.platform/Developer/SDKs/iPhoneSimulator11.3.sdk/usr/lib] ==> [/Applications/Xcode.app/Contents/Developer/Platforms/iPhoneSimulator.platform/Developer/SDKs/iPhoneSimulator11.3.sdk/usr/lib]
  collapse framework dir [/Applications/Xcode.app/Contents/Developer/Platforms/iPhoneSimulator.platform/Developer/SDKs/iPhoneSimulator11.3.sdk/System/Library/Frameworks/] ==> [/Applications/Xcode.app/Contents/Developer/Platforms/iPhoneSimulator.platform/Developer/SDKs/iPhoneSimulator11.3.sdk/System/Library/Frameworks]
  implicit libs: [c++]
  implicit dirs: [/Applications/Xcode.app/Contents/Developer/Platforms/iPhoneSimulator.platform/Developer/SDKs/iPhoneSimulator11.3.sdk/usr/lib]
  implicit fwks: [/Applications/Xcode.app/Contents/Developer/Platforms/iPhoneSimulator.platform/Developer/SDKs/iPhoneSimulator11.3.sdk/System/Library/Frameworks]




Detecting CXX [-std=c++1z] compiler features compiled with the following output:
Change Dir: /Users/bhavesh/Desktop/LinphoneV4/linphone-iphone/WORK/ios-x86_64/Build/bellesip/CMakeFiles/CMakeTmp

Run Build Command:"/usr/bin/make" "cmTC_15b5f/fast"
/Applications/Xcode.app/Contents/Developer/usr/bin/make -f CMakeFiles/cmTC_15b5f.dir/build.make CMakeFiles/cmTC_15b5f.dir/build
Building CXX object CMakeFiles/cmTC_15b5f.dir/feature_tests.cxx.o
/Applications/Xcode.app/Contents/Developer/Toolchains/XcodeDefault.xctoolchain/usr/bin/clang++ --target=x86_64-apple-darwin    -arch x86_64 -isysroot /Applications/Xcode.app/Contents/Developer/Platforms/iPhoneSimulator.platform/Developer/SDKs/iPhoneSimulator11.3.sdk   -std=c++1z -o CMakeFiles/cmTC_15b5f.dir/feature_tests.cxx.o -c /Users/bhavesh/Desktop/LinphoneV4/linphone-iphone/WORK/ios-x86_64/Build/bellesip/CMakeFiles/feature_tests.cxx
Linking CXX executable cmTC_15b5f
/usr/local/Cellar/cmake/3.11.0/bin/cmake -E cmake_link_script CMakeFiles/cmTC_15b5f.dir/link.txt --verbose=1
/Applications/Xcode.app/Contents/Developer/Toolchains/XcodeDefault.xctoolchain/usr/bin/clang++ --target=x86_64-apple-darwin    -arch x86_64 -isysroot /Applications/Xcode.app/Contents/Developer/Platforms/iPhoneSimulator.platform/Developer/SDKs/iPhoneSimulator11.3.sdk -Wl,-search_paths_first -Wl,-headerpad_max_install_names   CMakeFiles/cmTC_15b5f.dir/feature_tests.cxx.o  -o cmTC_15b5f 


    Feature record: CXX_FEATURE:1cxx_aggregate_default_initializers
    Feature record: CXX_FEATURE:1cxx_alias_templates
    Feature record: CXX_FEATURE:1cxx_alignas
    Feature record: CXX_FEATURE:1cxx_alignof
    Feature record: CXX_FEATURE:1cxx_attributes
    Feature record: CXX_FEATURE:1cxx_attribute_deprecated
    Feature record: CXX_FEATURE:1cxx_auto_type
    Feature record: CXX_FEATURE:1cxx_binary_literals
    Feature record: CXX_FEATURE:1cxx_constexpr
    Feature record: CXX_FEATURE:1cxx_contextual_conversions
    Feature record: CXX_FEATURE:1cxx_decltype
    Feature record: CXX_FEATURE:1cxx_decltype_auto
    Feature record: CXX_FEATURE:1cxx_decltype_incomplete_return_types
    Feature record: CXX_FEATURE:1cxx_default_function_template_args
    Feature record: CXX_FEATURE:1cxx_defaulted_functions
    Feature record: CXX_FEATURE:1cxx_defaulted_move_initializers
    Feature record: CXX_FEATURE:1cxx_delegating_constructors
    Feature record: CXX_FEATURE:1cxx_deleted_functions
    Feature record: CXX_FEATURE:1cxx_digit_separators
    Feature record: CXX_FEATURE:1cxx_enum_forward_declarations
    Feature record: CXX_FEATURE:1cxx_explicit_conversions
    Feature record: CXX_FEATURE:1cxx_extended_friend_declarations
    Feature record: CXX_FEATURE:1cxx_extern_templates
    Feature record: CXX_FEATURE:1cxx_final
    Feature record: CXX_FEATURE:1cxx_func_identifier
    Feature record: CXX_FEATURE:1cxx_generalized_initializers
    Feature record: CXX_FEATURE:1cxx_generic_lambdas
    Feature record: CXX_FEATURE:1cxx_inheriting_constructors
    Feature record: CXX_FEATURE:1cxx_inline_namespaces
    Feature record: CXX_FEATURE:1cxx_lambdas
    Feature record: CXX_FEATURE:1cxx_lambda_init_captures
    Feature record: CXX_FEATURE:1cxx_local_type_template_args
    Feature record: CXX_FEATURE:1cxx_long_long_type
    Feature record: CXX_FEATURE:1cxx_noexcept
    Feature record: CXX_FEATURE:1cxx_nonstatic_member_init
    Feature record: CXX_FEATURE:1cxx_nullptr
    Feature record: CXX_FEATURE:1cxx_override
    Feature record: CXX_FEATURE:1cxx_range_for
    Feature record: CXX_FEATURE:1cxx_raw_string_literals
    Feature record: CXX_FEATURE:1cxx_reference_qualified_functions
    Feature record: CXX_FEATURE:1cxx_relaxed_constexpr
    Feature record: CXX_FEATURE:1cxx_return_type_deduction
    Feature record: CXX_FEATURE:1cxx_right_angle_brackets
    Feature record: CXX_FEATURE:1cxx_rvalue_references
    Feature record: CXX_FEATURE:1cxx_sizeof_member
    Feature record: CXX_FEATURE:1cxx_static_assert
    Feature record: CXX_FEATURE:1cxx_strong_enums
    Feature record: CXX_FEATURE:1cxx_template_template_parameters
    Feature record: CXX_FEATURE:1cxx_thread_local
    Feature record: CXX_FEATURE:1cxx_trailing_return_types
    Feature record: CXX_FEATURE:1cxx_unicode_literals
    Feature record: CXX_FEATURE:1cxx_uniform_initialization
    Feature record: CXX_FEATURE:1cxx_unrestricted_unions
    Feature record: CXX_FEATURE:1cxx_user_literals
    Feature record: CXX_FEATURE:1cxx_variable_templates
    Feature record: CXX_FEATURE:1cxx_variadic_macros
    Feature record: CXX_FEATURE:1cxx_variadic_templates


Detecting CXX [-std=c++14] compiler features compiled with the following output:
Change Dir: /Users/bhavesh/Desktop/LinphoneV4/linphone-iphone/WORK/ios-x86_64/Build/bellesip/CMakeFiles/CMakeTmp

Run Build Command:"/usr/bin/make" "cmTC_3d922/fast"
/Applications/Xcode.app/Contents/Developer/usr/bin/make -f CMakeFiles/cmTC_3d922.dir/build.make CMakeFiles/cmTC_3d922.dir/build
Building CXX object CMakeFiles/cmTC_3d922.dir/feature_tests.cxx.o
/Applications/Xcode.app/Contents/Developer/Toolchains/XcodeDefault.xctoolchain/usr/bin/clang++ --target=x86_64-apple-darwin    -arch x86_64 -isysroot /Applications/Xcode.app/Contents/Developer/Platforms/iPhoneSimulator.platform/Developer/SDKs/iPhoneSimulator11.3.sdk   -std=c++14 -o CMakeFiles/cmTC_3d922.dir/feature_tests.cxx.o -c /Users/bhavesh/Desktop/LinphoneV4/linphone-iphone/WORK/ios-x86_64/Build/bellesip/CMakeFiles/feature_tests.cxx
Linking CXX executable cmTC_3d922
/usr/local/Cellar/cmake/3.11.0/bin/cmake -E cmake_link_script CMakeFiles/cmTC_3d922.dir/link.txt --verbose=1
/Applications/Xcode.app/Contents/Developer/Toolchains/XcodeDefault.xctoolchain/usr/bin/clang++ --target=x86_64-apple-darwin    -arch x86_64 -isysroot /Applications/Xcode.app/Contents/Developer/Platforms/iPhoneSimulator.platform/Developer/SDKs/iPhoneSimulator11.3.sdk -Wl,-search_paths_first -Wl,-headerpad_max_install_names   CMakeFiles/cmTC_3d922.dir/feature_tests.cxx.o  -o cmTC_3d922 


    Feature record: CXX_FEATURE:1cxx_aggregate_default_initializers
    Feature record: CXX_FEATURE:1cxx_alias_templates
    Feature record: CXX_FEATURE:1cxx_alignas
    Feature record: CXX_FEATURE:1cxx_alignof
    Feature record: CXX_FEATURE:1cxx_attributes
    Feature record: CXX_FEATURE:1cxx_attribute_deprecated
    Feature record: CXX_FEATURE:1cxx_auto_type
    Feature record: CXX_FEATURE:1cxx_binary_literals
    Feature record: CXX_FEATURE:1cxx_constexpr
    Feature record: CXX_FEATURE:1cxx_contextual_conversions
    Feature record: CXX_FEATURE:1cxx_decltype
    Feature record: CXX_FEATURE:1cxx_decltype_auto
    Feature record: CXX_FEATURE:1cxx_decltype_incomplete_return_types
    Feature record: CXX_FEATURE:1cxx_default_function_template_args
    Feature record: CXX_FEATURE:1cxx_defaulted_functions
    Feature record: CXX_FEATURE:1cxx_defaulted_move_initializers
    Feature record: CXX_FEATURE:1cxx_delegating_constructors
    Feature record: CXX_FEATURE:1cxx_deleted_functions
    Feature record: CXX_FEATURE:1cxx_digit_separators
    Feature record: CXX_FEATURE:1cxx_enum_forward_declarations
    Feature record: CXX_FEATURE:1cxx_explicit_conversions
    Feature record: CXX_FEATURE:1cxx_extended_friend_declarations
    Feature record: CXX_FEATURE:1cxx_extern_templates
    Feature record: CXX_FEATURE:1cxx_final
    Feature record: CXX_FEATURE:1cxx_func_identifier
    Feature record: CXX_FEATURE:1cxx_generalized_initializers
    Feature record: CXX_FEATURE:1cxx_generic_lambdas
    Feature record: CXX_FEATURE:1cxx_inheriting_constructors
    Feature record: CXX_FEATURE:1cxx_inline_namespaces
    Feature record: CXX_FEATURE:1cxx_lambdas
    Feature record: CXX_FEATURE:1cxx_lambda_init_captures
    Feature record: CXX_FEATURE:1cxx_local_type_template_args
    Feature record: CXX_FEATURE:1cxx_long_long_type
    Feature record: CXX_FEATURE:1cxx_noexcept
    Feature record: CXX_FEATURE:1cxx_nonstatic_member_init
    Feature record: CXX_FEATURE:1cxx_nullptr
    Feature record: CXX_FEATURE:1cxx_override
    Feature record: CXX_FEATURE:1cxx_range_for
    Feature record: CXX_FEATURE:1cxx_raw_string_literals
    Feature record: CXX_FEATURE:1cxx_reference_qualified_functions
    Feature record: CXX_FEATURE:1cxx_relaxed_constexpr
    Feature record: CXX_FEATURE:1cxx_return_type_deduction
    Feature record: CXX_FEATURE:1cxx_right_angle_brackets
    Feature record: CXX_FEATURE:1cxx_rvalue_references
    Feature record: CXX_FEATURE:1cxx_sizeof_member
    Feature record: CXX_FEATURE:1cxx_static_assert
    Feature record: CXX_FEATURE:1cxx_strong_enums
    Feature record: CXX_FEATURE:1cxx_template_template_parameters
    Feature record: CXX_FEATURE:1cxx_thread_local
    Feature record: CXX_FEATURE:1cxx_trailing_return_types
    Feature record: CXX_FEATURE:1cxx_unicode_literals
    Feature record: CXX_FEATURE:1cxx_uniform_initialization
    Feature record: CXX_FEATURE:1cxx_unrestricted_unions
    Feature record: CXX_FEATURE:1cxx_user_literals
    Feature record: CXX_FEATURE:1cxx_variable_templates
    Feature record: CXX_FEATURE:1cxx_variadic_macros
    Feature record: CXX_FEATURE:1cxx_variadic_templates


Detecting CXX [-std=c++11] compiler features compiled with the following output:
Change Dir: /Users/bhavesh/Desktop/LinphoneV4/linphone-iphone/WORK/ios-x86_64/Build/bellesip/CMakeFiles/CMakeTmp

Run Build Command:"/usr/bin/make" "cmTC_2c198/fast"
/Applications/Xcode.app/Contents/Developer/usr/bin/make -f CMakeFiles/cmTC_2c198.dir/build.make CMakeFiles/cmTC_2c198.dir/build
Building CXX object CMakeFiles/cmTC_2c198.dir/feature_tests.cxx.o
/Applications/Xcode.app/Contents/Developer/Toolchains/XcodeDefault.xctoolchain/usr/bin/clang++ --target=x86_64-apple-darwin    -arch x86_64 -isysroot /Applications/Xcode.app/Contents/Developer/Platforms/iPhoneSimulator.platform/Developer/SDKs/iPhoneSimulator11.3.sdk   -std=c++11 -o CMakeFiles/cmTC_2c198.dir/feature_tests.cxx.o -c /Users/bhavesh/Desktop/LinphoneV4/linphone-iphone/WORK/ios-x86_64/Build/bellesip/CMakeFiles/feature_tests.cxx
Linking CXX executable cmTC_2c198
/usr/local/Cellar/cmake/3.11.0/bin/cmake -E cmake_link_script CMakeFiles/cmTC_2c198.dir/link.txt --verbose=1
/Applications/Xcode.app/Contents/Developer/Toolchains/XcodeDefault.xctoolchain/usr/bin/clang++ --target=x86_64-apple-darwin    -arch x86_64 -isysroot /Applications/Xcode.app/Contents/Developer/Platforms/iPhoneSimulator.platform/Developer/SDKs/iPhoneSimulator11.3.sdk -Wl,-search_paths_first -Wl,-headerpad_max_install_names   CMakeFiles/cmTC_2c198.dir/feature_tests.cxx.o  -o cmTC_2c198 


    Feature record: CXX_FEATURE:0cxx_aggregate_default_initializers
    Feature record: CXX_FEATURE:1cxx_alias_templates
    Feature record: CXX_FEATURE:1cxx_alignas
    Feature record: CXX_FEATURE:1cxx_alignof
    Feature record: CXX_FEATURE:1cxx_attributes
    Feature record: CXX_FEATURE:0cxx_attribute_deprecated
    Feature record: CXX_FEATURE:1cxx_auto_type
    Feature record: CXX_FEATURE:0cxx_binary_literals
    Feature record: CXX_FEATURE:1cxx_constexpr
    Feature record: CXX_FEATURE:0cxx_contextual_conversions
    Feature record: CXX_FEATURE:1cxx_decltype
    Feature record: CXX_FEATURE:0cxx_decltype_auto
    Feature record: CXX_FEATURE:1cxx_decltype_incomplete_return_types
    Feature record: CXX_FEATURE:1cxx_default_function_template_args
    Feature record: CXX_FEATURE:1cxx_defaulted_functions
    Feature record: CXX_FEATURE:1cxx_defaulted_move_initializers
    Feature record: CXX_FEATURE:1cxx_delegating_constructors
    Feature record: CXX_FEATURE:1cxx_deleted_functions
    Feature record: CXX_FEATURE:0cxx_digit_separators
    Feature record: CXX_FEATURE:1cxx_enum_forward_declarations
    Feature record: CXX_FEATURE:1cxx_explicit_conversions
    Feature record: CXX_FEATURE:1cxx_extended_friend_declarations
    Feature record: CXX_FEATURE:1cxx_extern_templates
    Feature record: CXX_FEATURE:1cxx_final
    Feature record: CXX_FEATURE:1cxx_func_identifier
    Feature record: CXX_FEATURE:1cxx_generalized_initializers
    Feature record: CXX_FEATURE:0cxx_generic_lambdas
    Feature record: CXX_FEATURE:1cxx_inheriting_constructors
    Feature record: CXX_FEATURE:1cxx_inline_namespaces
    Feature record: CXX_FEATURE:1cxx_lambdas
    Feature record: CXX_FEATURE:0cxx_lambda_init_captures
    Feature record: CXX_FEATURE:1cxx_local_type_template_args
    Feature record: CXX_FEATURE:1cxx_long_long_type
    Feature record: CXX_FEATURE:1cxx_noexcept
    Feature record: CXX_FEATURE:1cxx_nonstatic_member_init
    Feature record: CXX_FEATURE:1cxx_nullptr
    Feature record: CXX_FEATURE:1cxx_override
    Feature record: CXX_FEATURE:1cxx_range_for
    Feature record: CXX_FEATURE:1cxx_raw_string_literals
    Feature record: CXX_FEATURE:1cxx_reference_qualified_functions
    Feature record: CXX_FEATURE:0cxx_relaxed_constexpr
    Feature record: CXX_FEATURE:0cxx_return_type_deduction
    Feature record: CXX_FEATURE:1cxx_right_angle_brackets
    Feature record: CXX_FEATURE:1cxx_rvalue_references
    Feature record: CXX_FEATURE:1cxx_sizeof_member
    Feature record: CXX_FEATURE:1cxx_static_assert
    Feature record: CXX_FEATURE:1cxx_strong_enums
    Feature record: CXX_FEATURE:1cxx_template_template_parameters
    Feature record: CXX_FEATURE:1cxx_thread_local
    Feature record: CXX_FEATURE:1cxx_trailing_return_types
    Feature record: CXX_FEATURE:1cxx_unicode_literals
    Feature record: CXX_FEATURE:1cxx_uniform_initialization
    Feature record: CXX_FEATURE:1cxx_unrestricted_unions
    Feature record: CXX_FEATURE:1cxx_user_literals
    Feature record: CXX_FEATURE:0cxx_variable_templates
    Feature record: CXX_FEATURE:1cxx_variadic_macros
    Feature record: CXX_FEATURE:1cxx_variadic_templates


Detecting CXX [-std=c++98] compiler features compiled with the following output:
Change Dir: /Users/bhavesh/Desktop/LinphoneV4/linphone-iphone/WORK/ios-x86_64/Build/bellesip/CMakeFiles/CMakeTmp

Run Build Command:"/usr/bin/make" "cmTC_69318/fast"
/Applications/Xcode.app/Contents/Developer/usr/bin/make -f CMakeFiles/cmTC_69318.dir/build.make CMakeFiles/cmTC_69318.dir/build
Building CXX object CMakeFiles/cmTC_69318.dir/feature_tests.cxx.o
/Applications/Xcode.app/Contents/Developer/Toolchains/XcodeDefault.xctoolchain/usr/bin/clang++ --target=x86_64-apple-darwin    -arch x86_64 -isysroot /Applications/Xcode.app/Contents/Developer/Platforms/iPhoneSimulator.platform/Developer/SDKs/iPhoneSimulator11.3.sdk   -std=c++98 -o CMakeFiles/cmTC_69318.dir/feature_tests.cxx.o -c /Users/bhavesh/Desktop/LinphoneV4/linphone-iphone/WORK/ios-x86_64/Build/bellesip/CMakeFiles/feature_tests.cxx
Linking CXX executable cmTC_69318
/usr/local/Cellar/cmake/3.11.0/bin/cmake -E cmake_link_script CMakeFiles/cmTC_69318.dir/link.txt --verbose=1
/Applications/Xcode.app/Contents/Developer/Toolchains/XcodeDefault.xctoolchain/usr/bin/clang++ --target=x86_64-apple-darwin    -arch x86_64 -isysroot /Applications/Xcode.app/Contents/Developer/Platforms/iPhoneSimulator.platform/Developer/SDKs/iPhoneSimulator11.3.sdk -Wl,-search_paths_first -Wl,-headerpad_max_install_names   CMakeFiles/cmTC_69318.dir/feature_tests.cxx.o  -o cmTC_69318 


    Feature record: CXX_FEATURE:0cxx_aggregate_default_initializers
    Feature record: CXX_FEATURE:0cxx_alias_templates
    Feature record: CXX_FEATURE:0cxx_alignas
    Feature record: CXX_FEATURE:0cxx_alignof
    Feature record: CXX_FEATURE:0cxx_attributes
    Feature record: CXX_FEATURE:0cxx_attribute_deprecated
    Feature record: CXX_FEATURE:0cxx_auto_type
    Feature record: CXX_FEATURE:0cxx_binary_literals
    Feature record: CXX_FEATURE:0cxx_constexpr
    Feature record: CXX_FEATURE:0cxx_contextual_conversions
    Feature record: CXX_FEATURE:0cxx_decltype
    Feature record: CXX_FEATURE:0cxx_decltype_auto
    Feature record: CXX_FEATURE:0cxx_decltype_incomplete_return_types
    Feature record: CXX_FEATURE:0cxx_default_function_template_args
    Feature record: CXX_FEATURE:0cxx_defaulted_functions
    Feature record: CXX_FEATURE:0cxx_defaulted_move_initializers
    Feature record: CXX_FEATURE:0cxx_delegating_constructors
    Feature record: CXX_FEATURE:0cxx_deleted_functions
    Feature record: CXX_FEATURE:0cxx_digit_separators
    Feature record: CXX_FEATURE:0cxx_enum_forward_declarations
    Feature record: CXX_FEATURE:0cxx_explicit_conversions
    Feature record: CXX_FEATURE:0cxx_extended_friend_declarations
    Feature record: CXX_FEATURE:0cxx_extern_templates
    Feature record: CXX_FEATURE:0cxx_final
    Feature record: CXX_FEATURE:0cxx_func_identifier
    Feature record: CXX_FEATURE:0cxx_generalized_initializers
    Feature record: CXX_FEATURE:0cxx_generic_lambdas
    Feature record: CXX_FEATURE:0cxx_inheriting_constructors
    Feature record: CXX_FEATURE:0cxx_inline_namespaces
    Feature record: CXX_FEATURE:0cxx_lambdas
    Feature record: CXX_FEATURE:0cxx_lambda_init_captures
    Feature record: CXX_FEATURE:0cxx_local_type_template_args
    Feature record: CXX_FEATURE:0cxx_long_long_type
    Feature record: CXX_FEATURE:0cxx_noexcept
    Feature record: CXX_FEATURE:0cxx_nonstatic_member_init
    Feature record: CXX_FEATURE:0cxx_nullptr
    Feature record: CXX_FEATURE:0cxx_override
    Feature record: CXX_FEATURE:0cxx_range_for
    Feature record: CXX_FEATURE:0cxx_raw_string_literals
    Feature record: CXX_FEATURE:0cxx_reference_qualified_functions
    Feature record: CXX_FEATURE:0cxx_relaxed_constexpr
    Feature record: CXX_FEATURE:0cxx_return_type_deduction
    Feature record: CXX_FEATURE:0cxx_right_angle_brackets
    Feature record: CXX_FEATURE:0cxx_rvalue_references
    Feature record: CXX_FEATURE:0cxx_sizeof_member
    Feature record: CXX_FEATURE:0cxx_static_assert
    Feature record: CXX_FEATURE:0cxx_strong_enums
    Feature record: CXX_FEATURE:1cxx_template_template_parameters
    Feature record: CXX_FEATURE:0cxx_thread_local
    Feature record: CXX_FEATURE:0cxx_trailing_return_types
    Feature record: CXX_FEATURE:0cxx_unicode_literals
    Feature record: CXX_FEATURE:0cxx_uniform_initialization
    Feature record: CXX_FEATURE:0cxx_unrestricted_unions
    Feature record: CXX_FEATURE:0cxx_user_literals
    Feature record: CXX_FEATURE:0cxx_variable_templates
    Feature record: CXX_FEATURE:0cxx_variadic_macros
    Feature record: CXX_FEATURE:0cxx_variadic_templates
Determining if the function dlopen exists in the dl passed with the following output:
Change Dir: /Users/bhavesh/Desktop/LinphoneV4/linphone-iphone/WORK/ios-x86_64/Build/bellesip/CMakeFiles/CMakeTmp

Run Build Command:"/usr/bin/make" "cmTC_69b44/fast"
/Applications/Xcode.app/Contents/Developer/usr/bin/make -f CMakeFiles/cmTC_69b44.dir/build.make CMakeFiles/cmTC_69b44.dir/build
Building C object CMakeFiles/cmTC_69b44.dir/CheckFunctionExists.c.o
/Applications/Xcode.app/Contents/Developer/Toolchains/XcodeDefault.xctoolchain/usr/bin/clang --target=x86_64-apple-darwin   -DCHECK_FUNCTION_EXISTS=dlopen -arch x86_64 -isysroot /Applications/Xcode.app/Contents/Developer/Platforms/iPhoneSimulator.platform/Developer/SDKs/iPhoneSimulator11.3.sdk   -o CMakeFiles/cmTC_69b44.dir/CheckFunctionExists.c.o   -c /usr/local/Cellar/cmake/3.11.0/share/cmake/Modules/CheckFunctionExists.c
Linking C executable cmTC_69b44
/usr/local/Cellar/cmake/3.11.0/bin/cmake -E cmake_link_script CMakeFiles/cmTC_69b44.dir/link.txt --verbose=1
/Applications/Xcode.app/Contents/Developer/Toolchains/XcodeDefault.xctoolchain/usr/bin/clang --target=x86_64-apple-darwin  -DCHECK_FUNCTION_EXISTS=dlopen -arch x86_64 -isysroot /Applications/Xcode.app/Contents/Developer/Platforms/iPhoneSimulator.platform/Developer/SDKs/iPhoneSimulator11.3.sdk -Wl,-search_paths_first -Wl,-headerpad_max_install_names   CMakeFiles/cmTC_69b44.dir/CheckFunctionExists.c.o  -o cmTC_69b44 -ldl 


Determining if the res_ndestroy exist passed with the following output:
Change Dir: /Users/bhavesh/Desktop/LinphoneV4/linphone-iphone/WORK/ios-x86_64/Build/bellesip/CMakeFiles/CMakeTmp

Run Build Command:"/usr/bin/make" "cmTC_919c5/fast"
/Applications/Xcode.app/Contents/Developer/usr/bin/make -f CMakeFiles/cmTC_919c5.dir/build.make CMakeFiles/cmTC_919c5.dir/build
Building C object CMakeFiles/cmTC_919c5.dir/CheckSymbolExists.c.o
/Applications/Xcode.app/Contents/Developer/Toolchains/XcodeDefault.xctoolchain/usr/bin/clang --target=x86_64-apple-darwin   -arch x86_64 -isysroot /Applications/Xcode.app/Contents/Developer/Platforms/iPhoneSimulator.platform/Developer/SDKs/iPhoneSimulator11.3.sdk   -o CMakeFiles/cmTC_919c5.dir/CheckSymbolExists.c.o   -c /Users/bhavesh/Desktop/LinphoneV4/linphone-iphone/WORK/ios-x86_64/Build/bellesip/CMakeFiles/CMakeTmp/CheckSymbolExists.c
Linking C executable cmTC_919c5
/usr/local/Cellar/cmake/3.11.0/bin/cmake -E cmake_link_script CMakeFiles/cmTC_919c5.dir/link.txt --verbose=1
/Applications/Xcode.app/Contents/Developer/Toolchains/XcodeDefault.xctoolchain/usr/bin/clang --target=x86_64-apple-darwin   -arch x86_64 -isysroot /Applications/Xcode.app/Contents/Developer/Platforms/iPhoneSimulator.platform/Developer/SDKs/iPhoneSimulator11.3.sdk -Wl,-search_paths_first -Wl,-headerpad_max_install_names   CMakeFiles/cmTC_919c5.dir/CheckSymbolExists.c.o  -o cmTC_919c5 

File /Users/bhavesh/Desktop/LinphoneV4/linphone-iphone/WORK/ios-x86_64/Build/bellesip/CMakeFiles/CMakeTmp/CheckSymbolExists.c:
/* */
#include <resolv.h>

int main(int argc, char** argv)
{
  (void)argv;
#ifndef res_ndestroy
  return ((int*)(&res_ndestroy))[argc];
#else
  (void)argc;
  return 0;
#endif
}

Performing C SOURCE FILE Test HAVE_RES_GETSERVERS succeeded with the following output:
Change Dir: /Users/bhavesh/Desktop/LinphoneV4/linphone-iphone/WORK/ios-x86_64/Build/bellesip/CMakeFiles/CMakeTmp

Run Build Command:"/usr/bin/make" "cmTC_bcc02/fast"
/Applications/Xcode.app/Contents/Developer/usr/bin/make -f CMakeFiles/cmTC_bcc02.dir/build.make CMakeFiles/cmTC_bcc02.dir/build
Building C object CMakeFiles/cmTC_bcc02.dir/src.c.o
/Applications/Xcode.app/Contents/Developer/Toolchains/XcodeDefault.xctoolchain/usr/bin/clang --target=x86_64-apple-darwin   -DHAVE_RES_GETSERVERS -arch x86_64 -isysroot /Applications/Xcode.app/Contents/Developer/Platforms/iPhoneSimulator.platform/Developer/SDKs/iPhoneSimulator11.3.sdk   -o CMakeFiles/cmTC_bcc02.dir/src.c.o   -c /Users/bhavesh/Desktop/LinphoneV4/linphone-iphone/WORK/ios-x86_64/Build/bellesip/CMakeFiles/CMakeTmp/src.c
Linking C executable cmTC_bcc02
/usr/local/Cellar/cmake/3.11.0/bin/cmake -E cmake_link_script CMakeFiles/cmTC_bcc02.dir/link.txt --verbose=1
/Applications/Xcode.app/Contents/Developer/Toolchains/XcodeDefault.xctoolchain/usr/bin/clang --target=x86_64-apple-darwin  -DHAVE_RES_GETSERVERS -arch x86_64 -isysroot /Applications/Xcode.app/Contents/Developer/Platforms/iPhoneSimulator.platform/Developer/SDKs/iPhoneSimulator11.3.sdk -Wl,-search_paths_first -Wl,-headerpad_max_install_names   CMakeFiles/cmTC_bcc02.dir/src.c.o  -o cmTC_bcc02 -lresolv 

Source file was:
#include <resolv.h>
int main(int argc, char *argv[]) {
res_getservers(NULL,NULL,0);
return 0;
}
Determining if the include file pthread.h exists passed with the following output:
Change Dir: /Users/bhavesh/Desktop/LinphoneV4/linphone-iphone/WORK/ios-x86_64/Build/bellesip/CMakeFiles/CMakeTmp

Run Build Command:"/usr/bin/make" "cmTC_87a96/fast"
/Applications/Xcode.app/Contents/Developer/usr/bin/make -f CMakeFiles/cmTC_87a96.dir/build.make CMakeFiles/cmTC_87a96.dir/build
Building C object CMakeFiles/cmTC_87a96.dir/CheckIncludeFile.c.o
/Applications/Xcode.app/Contents/Developer/Toolchains/XcodeDefault.xctoolchain/usr/bin/clang --target=x86_64-apple-darwin   -arch x86_64 -isysroot /Applications/Xcode.app/Contents/Developer/Platforms/iPhoneSimulator.platform/Developer/SDKs/iPhoneSimulator11.3.sdk   -o CMakeFiles/cmTC_87a96.dir/CheckIncludeFile.c.o   -c /Users/bhavesh/Desktop/LinphoneV4/linphone-iphone/WORK/ios-x86_64/Build/bellesip/CMakeFiles/CMakeTmp/CheckIncludeFile.c
Linking C executable cmTC_87a96
/usr/local/Cellar/cmake/3.11.0/bin/cmake -E cmake_link_script CMakeFiles/cmTC_87a96.dir/link.txt --verbose=1
/Applications/Xcode.app/Contents/Developer/Toolchains/XcodeDefault.xctoolchain/usr/bin/clang --target=x86_64-apple-darwin   -arch x86_64 -isysroot /Applications/Xcode.app/Contents/Developer/Platforms/iPhoneSimulator.platform/Developer/SDKs/iPhoneSimulator11.3.sdk -Wl,-search_paths_first -Wl,-headerpad_max_install_names   CMakeFiles/cmTC_87a96.dir/CheckIncludeFile.c.o  -o cmTC_87a96 


Determining if the pthread_create exist passed with the following output:
Change Dir: /Users/bhavesh/Desktop/LinphoneV4/linphone-iphone/WORK/ios-x86_64/Build/bellesip/CMakeFiles/CMakeTmp

Run Build Command:"/usr/bin/make" "cmTC_fc79d/fast"
/Applications/Xcode.app/Contents/Developer/usr/bin/make -f CMakeFiles/cmTC_fc79d.dir/build.make CMakeFiles/cmTC_fc79d.dir/build
Building C object CMakeFiles/cmTC_fc79d.dir/CheckSymbolExists.c.o
/Applications/Xcode.app/Contents/Developer/Toolchains/XcodeDefault.xctoolchain/usr/bin/clang --target=x86_64-apple-darwin   -arch x86_64 -isysroot /Applications/Xcode.app/Contents/Developer/Platforms/iPhoneSimulator.platform/Developer/SDKs/iPhoneSimulator11.3.sdk   -o CMakeFiles/cmTC_fc79d.dir/CheckSymbolExists.c.o   -c /Users/bhavesh/Desktop/LinphoneV4/linphone-iphone/WORK/ios-x86_64/Build/bellesip/CMakeFiles/CMakeTmp/CheckSymbolExists.c
Linking C executable cmTC_fc79d
/usr/local/Cellar/cmake/3.11.0/bin/cmake -E cmake_link_script CMakeFiles/cmTC_fc79d.dir/link.txt --verbose=1
/Applications/Xcode.app/Contents/Developer/Toolchains/XcodeDefault.xctoolchain/usr/bin/clang --target=x86_64-apple-darwin   -arch x86_64 -isysroot /Applications/Xcode.app/Contents/Developer/Platforms/iPhoneSimulator.platform/Developer/SDKs/iPhoneSimulator11.3.sdk -Wl,-search_paths_first -Wl,-headerpad_max_install_names   CMakeFiles/cmTC_fc79d.dir/CheckSymbolExists.c.o  -o cmTC_fc79d 

File /Users/bhavesh/Desktop/LinphoneV4/linphone-iphone/WORK/ios-x86_64/Build/bellesip/CMakeFiles/CMakeTmp/CheckSymbolExists.c:
/* */
#include <pthread.h>

int main(int argc, char** argv)
{
  (void)argv;
#ifndef pthread_create
  return ((int*)(&pthread_create))[argc];
#else
  (void)argc;
  return 0;
#endif
}

Determining if the include file arpa/nameser.h exists passed with the following output:
Change Dir: /Users/bhavesh/Desktop/LinphoneV4/linphone-iphone/WORK/ios-x86_64/Build/bellesip/CMakeFiles/CMakeTmp

Run Build Command:"/usr/bin/make" "cmTC_4a365/fast"
/Applications/Xcode.app/Contents/Developer/usr/bin/make -f CMakeFiles/cmTC_4a365.dir/build.make CMakeFiles/cmTC_4a365.dir/build
Building C object CMakeFiles/cmTC_4a365.dir/CheckIncludeFile.c.o
/Applications/Xcode.app/Contents/Developer/Toolchains/XcodeDefault.xctoolchain/usr/bin/clang --target=x86_64-apple-darwin   -arch x86_64 -isysroot /Applications/Xcode.app/Contents/Developer/Platforms/iPhoneSimulator.platform/Developer/SDKs/iPhoneSimulator11.3.sdk   -o CMakeFiles/cmTC_4a365.dir/CheckIncludeFile.c.o   -c /Users/bhavesh/Desktop/LinphoneV4/linphone-iphone/WORK/ios-x86_64/Build/bellesip/CMakeFiles/CMakeTmp/CheckIncludeFile.c
Linking C executable cmTC_4a365
/usr/local/Cellar/cmake/3.11.0/bin/cmake -E cmake_link_script CMakeFiles/cmTC_4a365.dir/link.txt --verbose=1
/Applications/Xcode.app/Contents/Developer/Toolchains/XcodeDefault.xctoolchain/usr/bin/clang --target=x86_64-apple-darwin   -arch x86_64 -isysroot /Applications/Xcode.app/Contents/Developer/Platforms/iPhoneSimulator.platform/Developer/SDKs/iPhoneSimulator11.3.sdk -Wl,-search_paths_first -Wl,-headerpad_max_install_names   CMakeFiles/cmTC_4a365.dir/CheckIncludeFile.c.o  -o cmTC_4a365 


Determining if the include file ctype.h exists passed with the following output:
Change Dir: /Users/bhavesh/Desktop/LinphoneV4/linphone-iphone/WORK/ios-x86_64/Build/bellesip/CMakeFiles/CMakeTmp

Run Build Command:"/usr/bin/make" "cmTC_18cca/fast"
/Applications/Xcode.app/Contents/Developer/usr/bin/make -f CMakeFiles/cmTC_18cca.dir/build.make CMakeFiles/cmTC_18cca.dir/build
Building C object CMakeFiles/cmTC_18cca.dir/CheckIncludeFile.c.o
/Applications/Xcode.app/Contents/Developer/Toolchains/XcodeDefault.xctoolchain/usr/bin/clang --target=x86_64-apple-darwin   -arch x86_64 -isysroot /Applications/Xcode.app/Contents/Developer/Platforms/iPhoneSimulator.platform/Developer/SDKs/iPhoneSimulator11.3.sdk   -o CMakeFiles/cmTC_18cca.dir/CheckIncludeFile.c.o   -c /Users/bhavesh/Desktop/LinphoneV4/linphone-iphone/WORK/ios-x86_64/Build/bellesip/CMakeFiles/CMakeTmp/CheckIncludeFile.c
Linking C executable cmTC_18cca
/usr/local/Cellar/cmake/3.11.0/bin/cmake -E cmake_link_script CMakeFiles/cmTC_18cca.dir/link.txt --verbose=1
/Applications/Xcode.app/Contents/Developer/Toolchains/XcodeDefault.xctoolchain/usr/bin/clang --target=x86_64-apple-darwin   -arch x86_64 -isysroot /Applications/Xcode.app/Contents/Developer/Platforms/iPhoneSimulator.platform/Developer/SDKs/iPhoneSimulator11.3.sdk -Wl,-search_paths_first -Wl,-headerpad_max_install_names   CMakeFiles/cmTC_18cca.dir/CheckIncludeFile.c.o  -o cmTC_18cca 


Determining if the include file inttypes.h exists passed with the following output:
Change Dir: /Users/bhavesh/Desktop/LinphoneV4/linphone-iphone/WORK/ios-x86_64/Build/bellesip/CMakeFiles/CMakeTmp

Run Build Command:"/usr/bin/make" "cmTC_41c8b/fast"
/Applications/Xcode.app/Contents/Developer/usr/bin/make -f CMakeFiles/cmTC_41c8b.dir/build.make CMakeFiles/cmTC_41c8b.dir/build
Building C object CMakeFiles/cmTC_41c8b.dir/CheckIncludeFile.c.o
/Applications/Xcode.app/Contents/Developer/Toolchains/XcodeDefault.xctoolchain/usr/bin/clang --target=x86_64-apple-darwin   -arch x86_64 -isysroot /Applications/Xcode.app/Contents/Developer/Platforms/iPhoneSimulator.platform/Developer/SDKs/iPhoneSimulator11.3.sdk   -o CMakeFiles/cmTC_41c8b.dir/CheckIncludeFile.c.o   -c /Users/bhavesh/Desktop/LinphoneV4/linphone-iphone/WORK/ios-x86_64/Build/bellesip/CMakeFiles/CMakeTmp/CheckIncludeFile.c
Linking C executable cmTC_41c8b
/usr/local/Cellar/cmake/3.11.0/bin/cmake -E cmake_link_script CMakeFiles/cmTC_41c8b.dir/link.txt --verbose=1
/Applications/Xcode.app/Contents/Developer/Toolchains/XcodeDefault.xctoolchain/usr/bin/clang --target=x86_64-apple-darwin   -arch x86_64 -isysroot /Applications/Xcode.app/Contents/Developer/Platforms/iPhoneSimulator.platform/Developer/SDKs/iPhoneSimulator11.3.sdk -Wl,-search_paths_first -Wl,-headerpad_max_install_names   CMakeFiles/cmTC_41c8b.dir/CheckIncludeFile.c.o  -o cmTC_41c8b 


Determining if the include file memory.h exists passed with the following output:
Change Dir: /Users/bhavesh/Desktop/LinphoneV4/linphone-iphone/WORK/ios-x86_64/Build/bellesip/CMakeFiles/CMakeTmp

Run Build Command:"/usr/bin/make" "cmTC_97bd2/fast"
/Applications/Xcode.app/Contents/Developer/usr/bin/make -f CMakeFiles/cmTC_97bd2.dir/build.make CMakeFiles/cmTC_97bd2.dir/build
Building C object CMakeFiles/cmTC_97bd2.dir/CheckIncludeFile.c.o
/Applications/Xcode.app/Contents/Developer/Toolchains/XcodeDefault.xctoolchain/usr/bin/clang --target=x86_64-apple-darwin   -arch x86_64 -isysroot /Applications/Xcode.app/Contents/Developer/Platforms/iPhoneSimulator.platform/Developer/SDKs/iPhoneSimulator11.3.sdk   -o CMakeFiles/cmTC_97bd2.dir/CheckIncludeFile.c.o   -c /Users/bhavesh/Desktop/LinphoneV4/linphone-iphone/WORK/ios-x86_64/Build/bellesip/CMakeFiles/CMakeTmp/CheckIncludeFile.c
Linking C executable cmTC_97bd2
/usr/local/Cellar/cmake/3.11.0/bin/cmake -E cmake_link_script CMakeFiles/cmTC_97bd2.dir/link.txt --verbose=1
/Applications/Xcode.app/Contents/Developer/Toolchains/XcodeDefault.xctoolchain/usr/bin/clang --target=x86_64-apple-darwin   -arch x86_64 -isysroot /Applications/Xcode.app/Contents/Developer/Platforms/iPhoneSimulator.platform/Developer/SDKs/iPhoneSimulator11.3.sdk -Wl,-search_paths_first -Wl,-headerpad_max_install_names   CMakeFiles/cmTC_97bd2.dir/CheckIncludeFile.c.o  -o cmTC_97bd2 


Determining if the include file netdb.h exists passed with the following output:
Change Dir: /Users/bhavesh/Desktop/LinphoneV4/linphone-iphone/WORK/ios-x86_64/Build/bellesip/CMakeFiles/CMakeTmp

Run Build Command:"/usr/bin/make" "cmTC_6dfb0/fast"
/Applications/Xcode.app/Contents/Developer/usr/bin/make -f CMakeFiles/cmTC_6dfb0.dir/build.make CMakeFiles/cmTC_6dfb0.dir/build
Building C object CMakeFiles/cmTC_6dfb0.dir/CheckIncludeFile.c.o
/Applications/Xcode.app/Contents/Developer/Toolchains/XcodeDefault.xctoolchain/usr/bin/clang --target=x86_64-apple-darwin   -arch x86_64 -isysroot /Applications/Xcode.app/Contents/Developer/Platforms/iPhoneSimulator.platform/Developer/SDKs/iPhoneSimulator11.3.sdk   -o CMakeFiles/cmTC_6dfb0.dir/CheckIncludeFile.c.o   -c /Users/bhavesh/Desktop/LinphoneV4/linphone-iphone/WORK/ios-x86_64/Build/bellesip/CMakeFiles/CMakeTmp/CheckIncludeFile.c
Linking C executable cmTC_6dfb0
/usr/local/Cellar/cmake/3.11.0/bin/cmake -E cmake_link_script CMakeFiles/cmTC_6dfb0.dir/link.txt --verbose=1
/Applications/Xcode.app/Contents/Developer/Toolchains/XcodeDefault.xctoolchain/usr/bin/clang --target=x86_64-apple-darwin   -arch x86_64 -isysroot /Applications/Xcode.app/Contents/Developer/Platforms/iPhoneSimulator.platform/Developer/SDKs/iPhoneSimulator11.3.sdk -Wl,-search_paths_first -Wl,-headerpad_max_install_names   CMakeFiles/cmTC_6dfb0.dir/CheckIncludeFile.c.o  -o cmTC_6dfb0 


Determining if the include file netinet/in.h exists passed with the following output:
Change Dir: /Users/bhavesh/Desktop/LinphoneV4/linphone-iphone/WORK/ios-x86_64/Build/bellesip/CMakeFiles/CMakeTmp

Run Build Command:"/usr/bin/make" "cmTC_eddb1/fast"
/Applications/Xcode.app/Contents/Developer/usr/bin/make -f CMakeFiles/cmTC_eddb1.dir/build.make CMakeFiles/cmTC_eddb1.dir/build
Building C object CMakeFiles/cmTC_eddb1.dir/CheckIncludeFile.c.o
/Applications/Xcode.app/Contents/Developer/Toolchains/XcodeDefault.xctoolchain/usr/bin/clang --target=x86_64-apple-darwin   -arch x86_64 -isysroot /Applications/Xcode.app/Contents/Developer/Platforms/iPhoneSimulator.platform/Developer/SDKs/iPhoneSimulator11.3.sdk   -o CMakeFiles/cmTC_eddb1.dir/CheckIncludeFile.c.o   -c /Users/bhavesh/Desktop/LinphoneV4/linphone-iphone/WORK/ios-x86_64/Build/bellesip/CMakeFiles/CMakeTmp/CheckIncludeFile.c
Linking C executable cmTC_eddb1
/usr/local/Cellar/cmake/3.11.0/bin/cmake -E cmake_link_script CMakeFiles/cmTC_eddb1.dir/link.txt --verbose=1
/Applications/Xcode.app/Contents/Developer/Toolchains/XcodeDefault.xctoolchain/usr/bin/clang --target=x86_64-apple-darwin   -arch x86_64 -isysroot /Applications/Xcode.app/Contents/Developer/Platforms/iPhoneSimulator.platform/Developer/SDKs/iPhoneSimulator11.3.sdk -Wl,-search_paths_first -Wl,-headerpad_max_install_names   CMakeFiles/cmTC_eddb1.dir/CheckIncludeFile.c.o  -o cmTC_eddb1 


Determining if the include file netinet/tcp.h exists passed with the following output:
Change Dir: /Users/bhavesh/Desktop/LinphoneV4/linphone-iphone/WORK/ios-x86_64/Build/bellesip/CMakeFiles/CMakeTmp

Run Build Command:"/usr/bin/make" "cmTC_fc264/fast"
/Applications/Xcode.app/Contents/Developer/usr/bin/make -f CMakeFiles/cmTC_fc264.dir/build.make CMakeFiles/cmTC_fc264.dir/build
Building C object CMakeFiles/cmTC_fc264.dir/CheckIncludeFile.c.o
/Applications/Xcode.app/Contents/Developer/Toolchains/XcodeDefault.xctoolchain/usr/bin/clang --target=x86_64-apple-darwin   -arch x86_64 -isysroot /Applications/Xcode.app/Contents/Developer/Platforms/iPhoneSimulator.platform/Developer/SDKs/iPhoneSimulator11.3.sdk   -o CMakeFiles/cmTC_fc264.dir/CheckIncludeFile.c.o   -c /Users/bhavesh/Desktop/LinphoneV4/linphone-iphone/WORK/ios-x86_64/Build/bellesip/CMakeFiles/CMakeTmp/CheckIncludeFile.c
Linking C executable cmTC_fc264
/usr/local/Cellar/cmake/3.11.0/bin/cmake -E cmake_link_script CMakeFiles/cmTC_fc264.dir/link.txt --verbose=1
/Applications/Xcode.app/Contents/Developer/Toolchains/XcodeDefault.xctoolchain/usr/bin/clang --target=x86_64-apple-darwin   -arch x86_64 -isysroot /Applications/Xcode.app/Contents/Developer/Platforms/iPhoneSimulator.platform/Developer/SDKs/iPhoneSimulator11.3.sdk -Wl,-search_paths_first -Wl,-headerpad_max_install_names   CMakeFiles/cmTC_fc264.dir/CheckIncludeFile.c.o  -o cmTC_fc264 


Determining if the include file stdarg.h exists passed with the following output:
Change Dir: /Users/bhavesh/Desktop/LinphoneV4/linphone-iphone/WORK/ios-x86_64/Build/bellesip/CMakeFiles/CMakeTmp

Run Build Command:"/usr/bin/make" "cmTC_0d477/fast"
/Applications/Xcode.app/Contents/Developer/usr/bin/make -f CMakeFiles/cmTC_0d477.dir/build.make CMakeFiles/cmTC_0d477.dir/build
Building C object CMakeFiles/cmTC_0d477.dir/CheckIncludeFile.c.o
/Applications/Xcode.app/Contents/Developer/Toolchains/XcodeDefault.xctoolchain/usr/bin/clang --target=x86_64-apple-darwin   -arch x86_64 -isysroot /Applications/Xcode.app/Contents/Developer/Platforms/iPhoneSimulator.platform/Developer/SDKs/iPhoneSimulator11.3.sdk   -o CMakeFiles/cmTC_0d477.dir/CheckIncludeFile.c.o   -c /Users/bhavesh/Desktop/LinphoneV4/linphone-iphone/WORK/ios-x86_64/Build/bellesip/CMakeFiles/CMakeTmp/CheckIncludeFile.c
Linking C executable cmTC_0d477
/usr/local/Cellar/cmake/3.11.0/bin/cmake -E cmake_link_script CMakeFiles/cmTC_0d477.dir/link.txt --verbose=1
/Applications/Xcode.app/Contents/Developer/Toolchains/XcodeDefault.xctoolchain/usr/bin/clang --target=x86_64-apple-darwin   -arch x86_64 -isysroot /Applications/Xcode.app/Contents/Developer/Platforms/iPhoneSimulator.platform/Developer/SDKs/iPhoneSimulator11.3.sdk -Wl,-search_paths_first -Wl,-headerpad_max_install_names   CMakeFiles/cmTC_0d477.dir/CheckIncludeFile.c.o  -o cmTC_0d477 


Determining if the include file stdint.h exists passed with the following output:
Change Dir: /Users/bhavesh/Desktop/LinphoneV4/linphone-iphone/WORK/ios-x86_64/Build/bellesip/CMakeFiles/CMakeTmp

Run Build Command:"/usr/bin/make" "cmTC_fe79c/fast"
/Applications/Xcode.app/Contents/Developer/usr/bin/make -f CMakeFiles/cmTC_fe79c.dir/build.make CMakeFiles/cmTC_fe79c.dir/build
Building C object CMakeFiles/cmTC_fe79c.dir/CheckIncludeFile.c.o
/Applications/Xcode.app/Contents/Developer/Toolchains/XcodeDefault.xctoolchain/usr/bin/clang --target=x86_64-apple-darwin   -arch x86_64 -isysroot /Applications/Xcode.app/Contents/Developer/Platforms/iPhoneSimulator.platform/Developer/SDKs/iPhoneSimulator11.3.sdk   -o CMakeFiles/cmTC_fe79c.dir/CheckIncludeFile.c.o   -c /Users/bhavesh/Desktop/LinphoneV4/linphone-iphone/WORK/ios-x86_64/Build/bellesip/CMakeFiles/CMakeTmp/CheckIncludeFile.c
Linking C executable cmTC_fe79c
/usr/local/Cellar/cmake/3.11.0/bin/cmake -E cmake_link_script CMakeFiles/cmTC_fe79c.dir/link.txt --verbose=1
/Applications/Xcode.app/Contents/Developer/Toolchains/XcodeDefault.xctoolchain/usr/bin/clang --target=x86_64-apple-darwin   -arch x86_64 -isysroot /Applications/Xcode.app/Contents/Developer/Platforms/iPhoneSimulator.platform/Developer/SDKs/iPhoneSimulator11.3.sdk -Wl,-search_paths_first -Wl,-headerpad_max_install_names   CMakeFiles/cmTC_fe79c.dir/CheckIncludeFile.c.o  -o cmTC_fe79c 


Determining if the include file stdlib.h exists passed with the following output:
Change Dir: /Users/bhavesh/Desktop/LinphoneV4/linphone-iphone/WORK/ios-x86_64/Build/bellesip/CMakeFiles/CMakeTmp

Run Build Command:"/usr/bin/make" "cmTC_97776/fast"
/Applications/Xcode.app/Contents/Developer/usr/bin/make -f CMakeFiles/cmTC_97776.dir/build.make CMakeFiles/cmTC_97776.dir/build
Building C object CMakeFiles/cmTC_97776.dir/CheckIncludeFile.c.o
/Applications/Xcode.app/Contents/Developer/Toolchains/XcodeDefault.xctoolchain/usr/bin/clang --target=x86_64-apple-darwin   -arch x86_64 -isysroot /Applications/Xcode.app/Contents/Developer/Platforms/iPhoneSimulator.platform/Developer/SDKs/iPhoneSimulator11.3.sdk   -o CMakeFiles/cmTC_97776.dir/CheckIncludeFile.c.o   -c /Users/bhavesh/Desktop/LinphoneV4/linphone-iphone/WORK/ios-x86_64/Build/bellesip/CMakeFiles/CMakeTmp/CheckIncludeFile.c
Linking C executable cmTC_97776
/usr/local/Cellar/cmake/3.11.0/bin/cmake -E cmake_link_script CMakeFiles/cmTC_97776.dir/link.txt --verbose=1
/Applications/Xcode.app/Contents/Developer/Toolchains/XcodeDefault.xctoolchain/usr/bin/clang --target=x86_64-apple-darwin   -arch x86_64 -isysroot /Applications/Xcode.app/Contents/Developer/Platforms/iPhoneSimulator.platform/Developer/SDKs/iPhoneSimulator11.3.sdk -Wl,-search_paths_first -Wl,-headerpad_max_install_names   CMakeFiles/cmTC_97776.dir/CheckIncludeFile.c.o  -o cmTC_97776 


Determining if the include file strings.h exists passed with the following output:
Change Dir: /Users/bhavesh/Desktop/LinphoneV4/linphone-iphone/WORK/ios-x86_64/Build/bellesip/CMakeFiles/CMakeTmp

Run Build Command:"/usr/bin/make" "cmTC_e896f/fast"
/Applications/Xcode.app/Contents/Developer/usr/bin/make -f CMakeFiles/cmTC_e896f.dir/build.make CMakeFiles/cmTC_e896f.dir/build
Building C object CMakeFiles/cmTC_e896f.dir/CheckIncludeFile.c.o
/Applications/Xcode.app/Contents/Developer/Toolchains/XcodeDefault.xctoolchain/usr/bin/clang --target=x86_64-apple-darwin   -arch x86_64 -isysroot /Applications/Xcode.app/Contents/Developer/Platforms/iPhoneSimulator.platform/Developer/SDKs/iPhoneSimulator11.3.sdk   -o CMakeFiles/cmTC_e896f.dir/CheckIncludeFile.c.o   -c /Users/bhavesh/Desktop/LinphoneV4/linphone-iphone/WORK/ios-x86_64/Build/bellesip/CMakeFiles/CMakeTmp/CheckIncludeFile.c
Linking C executable cmTC_e896f
/usr/local/Cellar/cmake/3.11.0/bin/cmake -E cmake_link_script CMakeFiles/cmTC_e896f.dir/link.txt --verbose=1
/Applications/Xcode.app/Contents/Developer/Toolchains/XcodeDefault.xctoolchain/usr/bin/clang --target=x86_64-apple-darwin   -arch x86_64 -isysroot /Applications/Xcode.app/Contents/Developer/Platforms/iPhoneSimulator.platform/Developer/SDKs/iPhoneSimulator11.3.sdk -Wl,-search_paths_first -Wl,-headerpad_max_install_names   CMakeFiles/cmTC_e896f.dir/CheckIncludeFile.c.o  -o cmTC_e896f 


Determining if the include file string.h exists passed with the following output:
Change Dir: /Users/bhavesh/Desktop/LinphoneV4/linphone-iphone/WORK/ios-x86_64/Build/bellesip/CMakeFiles/CMakeTmp

Run Build Command:"/usr/bin/make" "cmTC_76689/fast"
/Applications/Xcode.app/Contents/Developer/usr/bin/make -f CMakeFiles/cmTC_76689.dir/build.make CMakeFiles/cmTC_76689.dir/build
Building C object CMakeFiles/cmTC_76689.dir/CheckIncludeFile.c.o
/Applications/Xcode.app/Contents/Developer/Toolchains/XcodeDefault.xctoolchain/usr/bin/clang --target=x86_64-apple-darwin   -arch x86_64 -isysroot /Applications/Xcode.app/Contents/Developer/Platforms/iPhoneSimulator.platform/Developer/SDKs/iPhoneSimulator11.3.sdk   -o CMakeFiles/cmTC_76689.dir/CheckIncludeFile.c.o   -c /Users/bhavesh/Desktop/LinphoneV4/linphone-iphone/WORK/ios-x86_64/Build/bellesip/CMakeFiles/CMakeTmp/CheckIncludeFile.c
Linking C executable cmTC_76689
/usr/local/Cellar/cmake/3.11.0/bin/cmake -E cmake_link_script CMakeFiles/cmTC_76689.dir/link.txt --verbose=1
/Applications/Xcode.app/Contents/Developer/Toolchains/XcodeDefault.xctoolchain/usr/bin/clang --target=x86_64-apple-darwin   -arch x86_64 -isysroot /Applications/Xcode.app/Contents/Developer/Platforms/iPhoneSimulator.platform/Developer/SDKs/iPhoneSimulator11.3.sdk -Wl,-search_paths_first -Wl,-headerpad_max_install_names   CMakeFiles/cmTC_76689.dir/CheckIncludeFile.c.o  -o cmTC_76689 


Determining if the include file sys/socket.h exists passed with the following output:
Change Dir: /Users/bhavesh/Desktop/LinphoneV4/linphone-iphone/WORK/ios-x86_64/Build/bellesip/CMakeFiles/CMakeTmp

Run Build Command:"/usr/bin/make" "cmTC_b6af1/fast"
/Applications/Xcode.app/Contents/Developer/usr/bin/make -f CMakeFiles/cmTC_b6af1.dir/build.make CMakeFiles/cmTC_b6af1.dir/build
Building C object CMakeFiles/cmTC_b6af1.dir/CheckIncludeFile.c.o
/Applications/Xcode.app/Contents/Developer/Toolchains/XcodeDefault.xctoolchain/usr/bin/clang --target=x86_64-apple-darwin   -arch x86_64 -isysroot /Applications/Xcode.app/Contents/Developer/Platforms/iPhoneSimulator.platform/Developer/SDKs/iPhoneSimulator11.3.sdk   -o CMakeFiles/cmTC_b6af1.dir/CheckIncludeFile.c.o   -c /Users/bhavesh/Desktop/LinphoneV4/linphone-iphone/WORK/ios-x86_64/Build/bellesip/CMakeFiles/CMakeTmp/CheckIncludeFile.c
Linking C executable cmTC_b6af1
/usr/local/Cellar/cmake/3.11.0/bin/cmake -E cmake_link_script CMakeFiles/cmTC_b6af1.dir/link.txt --verbose=1
/Applications/Xcode.app/Contents/Developer/Toolchains/XcodeDefault.xctoolchain/usr/bin/clang --target=x86_64-apple-darwin   -arch x86_64 -isysroot /Applications/Xcode.app/Contents/Developer/Platforms/iPhoneSimulator.platform/Developer/SDKs/iPhoneSimulator11.3.sdk -Wl,-search_paths_first -Wl,-headerpad_max_install_names   CMakeFiles/cmTC_b6af1.dir/CheckIncludeFile.c.o  -o cmTC_b6af1 


Determining if the include file sys/stat.h exists passed with the following output:
Change Dir: /Users/bhavesh/Desktop/LinphoneV4/linphone-iphone/WORK/ios-x86_64/Build/bellesip/CMakeFiles/CMakeTmp

Run Build Command:"/usr/bin/make" "cmTC_cae7c/fast"
/Applications/Xcode.app/Contents/Developer/usr/bin/make -f CMakeFiles/cmTC_cae7c.dir/build.make CMakeFiles/cmTC_cae7c.dir/build
Building C object CMakeFiles/cmTC_cae7c.dir/CheckIncludeFile.c.o
/Applications/Xcode.app/Contents/Developer/Toolchains/XcodeDefault.xctoolchain/usr/bin/clang --target=x86_64-apple-darwin   -arch x86_64 -isysroot /Applications/Xcode.app/Contents/Developer/Platforms/iPhoneSimulator.platform/Developer/SDKs/iPhoneSimulator11.3.sdk   -o CMakeFiles/cmTC_cae7c.dir/CheckIncludeFile.c.o   -c /Users/bhavesh/Desktop/LinphoneV4/linphone-iphone/WORK/ios-x86_64/Build/bellesip/CMakeFiles/CMakeTmp/CheckIncludeFile.c
Linking C executable cmTC_cae7c
/usr/local/Cellar/cmake/3.11.0/bin/cmake -E cmake_link_script CMakeFiles/cmTC_cae7c.dir/link.txt --verbose=1
/Applications/Xcode.app/Contents/Developer/Toolchains/XcodeDefault.xctoolchain/usr/bin/clang --target=x86_64-apple-darwin   -arch x86_64 -isysroot /Applications/Xcode.app/Contents/Developer/Platforms/iPhoneSimulator.platform/Developer/SDKs/iPhoneSimulator11.3.sdk -Wl,-search_paths_first -Wl,-headerpad_max_install_names   CMakeFiles/cmTC_cae7c.dir/CheckIncludeFile.c.o  -o cmTC_cae7c 


Determining if the include file sys/types.h exists passed with the following output:
Change Dir: /Users/bhavesh/Desktop/LinphoneV4/linphone-iphone/WORK/ios-x86_64/Build/bellesip/CMakeFiles/CMakeTmp

Run Build Command:"/usr/bin/make" "cmTC_d60df/fast"
/Applications/Xcode.app/Contents/Developer/usr/bin/make -f CMakeFiles/cmTC_d60df.dir/build.make CMakeFiles/cmTC_d60df.dir/build
Building C object CMakeFiles/cmTC_d60df.dir/CheckIncludeFile.c.o
/Applications/Xcode.app/Contents/Developer/Toolchains/XcodeDefault.xctoolchain/usr/bin/clang --target=x86_64-apple-darwin   -arch x86_64 -isysroot /Applications/Xcode.app/Contents/Developer/Platforms/iPhoneSimulator.platform/Developer/SDKs/iPhoneSimulator11.3.sdk   -o CMakeFiles/cmTC_d60df.dir/CheckIncludeFile.c.o   -c /Users/bhavesh/Desktop/LinphoneV4/linphone-iphone/WORK/ios-x86_64/Build/bellesip/CMakeFiles/CMakeTmp/CheckIncludeFile.c
Linking C executable cmTC_d60df
/usr/local/Cellar/cmake/3.11.0/bin/cmake -E cmake_link_script CMakeFiles/cmTC_d60df.dir/link.txt --verbose=1
/Applications/Xcode.app/Contents/Developer/Toolchains/XcodeDefault.xctoolchain/usr/bin/clang --target=x86_64-apple-darwin   -arch x86_64 -isysroot /Applications/Xcode.app/Contents/Developer/Platforms/iPhoneSimulator.platform/Developer/SDKs/iPhoneSimulator11.3.sdk -Wl,-search_paths_first -Wl,-headerpad_max_install_names   CMakeFiles/cmTC_d60df.dir/CheckIncludeFile.c.o  -o cmTC_d60df 


Determining if the include file unistd.h exists passed with the following output:
Change Dir: /Users/bhavesh/Desktop/LinphoneV4/linphone-iphone/WORK/ios-x86_64/Build/bellesip/CMakeFiles/CMakeTmp

Run Build Command:"/usr/bin/make" "cmTC_7b9da/fast"
/Applications/Xcode.app/Contents/Developer/usr/bin/make -f CMakeFiles/cmTC_7b9da.dir/build.make CMakeFiles/cmTC_7b9da.dir/build
Building C object CMakeFiles/cmTC_7b9da.dir/CheckIncludeFile.c.o
/Applications/Xcode.app/Contents/Developer/Toolchains/XcodeDefault.xctoolchain/usr/bin/clang --target=x86_64-apple-darwin   -arch x86_64 -isysroot /Applications/Xcode.app/Contents/Developer/Platforms/iPhoneSimulator.platform/Developer/SDKs/iPhoneSimulator11.3.sdk   -o CMakeFiles/cmTC_7b9da.dir/CheckIncludeFile.c.o   -c /Users/bhavesh/Desktop/LinphoneV4/linphone-iphone/WORK/ios-x86_64/Build/bellesip/CMakeFiles/CMakeTmp/CheckIncludeFile.c
Linking C executable cmTC_7b9da
/usr/local/Cellar/cmake/3.11.0/bin/cmake -E cmake_link_script CMakeFiles/cmTC_7b9da.dir/link.txt --verbose=1
/Applications/Xcode.app/Contents/Developer/Toolchains/XcodeDefault.xctoolchain/usr/bin/clang --target=x86_64-apple-darwin   -arch x86_64 -isysroot /Applications/Xcode.app/Contents/Developer/Platforms/iPhoneSimulator.platform/Developer/SDKs/iPhoneSimulator11.3.sdk -Wl,-search_paths_first -Wl,-headerpad_max_install_names   CMakeFiles/cmTC_7b9da.dir/CheckIncludeFile.c.o  -o cmTC_7b9da 


